This is pdfTeX, Version 3.1415926-1.40.11 (TeX Live 2010) (format=pdflatex 2010.7.21)  17 FEB 2012 23:41
entering extended mode
 restricted \write18 enabled.
 %&-line parsing enabled.
**refman.tex
(./refman.tex
LaTeX2e <2009/09/24>
Babel <v3.8l> and hyphenation patterns for english, dumylang, nohyphenation, ge
rman-x-2009-06-19, ngerman-x-2009-06-19, ancientgreek, ibycus, arabic, armenian
, basque, bulgarian, catalan, pinyin, coptic, croatian, czech, danish, dutch, u
kenglish, usenglishmax, esperanto, estonian, farsi, finnish, french, galician, 
german, ngerman, swissgerman, monogreek, greek, hungarian, icelandic, assamese,
 bengali, gujarati, hindi, kannada, malayalam, marathi, oriya, panjabi, tamil, 
telugu, indonesian, interlingua, irish, italian, kurmanji, lao, latin, latvian,
 lithuanian, mongolian, mongolianlmc, bokmal, nynorsk, polish, portuguese, roma
nian, russian, sanskrit, serbian, slovak, slovenian, spanish, swedish, turkish,
 turkmen, ukrainian, uppersorbian, welsh, loaded.
(/usr/local/texlive/2010/texmf-dist/tex/latex/base/book.cls
Document Class: book 2007/10/19 v1.4h Standard LaTeX document class
(/usr/local/texlive/2010/texmf-dist/tex/latex/base/bk10.clo
File: bk10.clo 2007/10/19 v1.4h Standard LaTeX file (size option)
)
\c@part=\count79
\c@chapter=\count80
\c@section=\count81
\c@subsection=\count82
\c@subsubsection=\count83
\c@paragraph=\count84
\c@subparagraph=\count85
\c@figure=\count86
\c@table=\count87
\abovecaptionskip=\skip41
\belowcaptionskip=\skip42
\bibindent=\dimen102
)
(/usr/local/texlive/2010/texmf-dist/tex/latex/a4wide/a4wide.sty
Package: a4wide 1994/08/30

(/usr/local/texlive/2010/texmf-dist/tex/latex/ntgclass/a4.sty
Package: a4 2004/04/15 v1.2g A4 based page layout
))
(/usr/local/texlive/2010/texmf-dist/tex/latex/base/makeidx.sty
Package: makeidx 2000/03/29 v1.0m Standard LaTeX package
)
(/usr/local/texlive/2010/texmf-dist/tex/latex/graphics/graphicx.sty
Package: graphicx 1999/02/16 v1.0f Enhanced LaTeX Graphics (DPC,SPQR)

(/usr/local/texlive/2010/texmf-dist/tex/latex/graphics/keyval.sty
Package: keyval 1999/03/16 v1.13 key=value parser (DPC)
\KV@toks@=\toks14
)
(/usr/local/texlive/2010/texmf-dist/tex/latex/graphics/graphics.sty
Package: graphics 2009/02/05 v1.0o Standard LaTeX Graphics (DPC,SPQR)

(/usr/local/texlive/2010/texmf-dist/tex/latex/graphics/trig.sty
Package: trig 1999/03/16 v1.09 sin cos tan (DPC)
)
(/usr/local/texlive/2010/texmf-dist/tex/latex/latexconfig/graphics.cfg
File: graphics.cfg 2010/04/23 v1.9 graphics configuration of TeX Live
)
Package graphics Info: Driver file: pdftex.def on input line 91.

(/usr/local/texlive/2010/texmf-dist/tex/latex/pdftex-def/pdftex.def
File: pdftex.def 2010/02/14 v0.04n Graphics/color for pdfTeX
\Gread@gobject=\count88
))
\Gin@req@height=\dimen103
\Gin@req@width=\dimen104
)
(/usr/local/texlive/2010/texmf-dist/tex/latex/tools/multicol.sty
Package: multicol 2008/12/05 v1.6h multicolumn formatting (FMi)
\c@tracingmulticols=\count89
\mult@box=\box26
\multicol@leftmargin=\dimen105
\c@unbalance=\count90
\c@collectmore=\count91
\doublecol@number=\count92
\multicoltolerance=\count93
\multicolpretolerance=\count94
\full@width=\dimen106
\page@free=\dimen107
\premulticols=\dimen108
\postmulticols=\dimen109
\multicolsep=\skip43
\multicolbaselineskip=\skip44
\partial@page=\box27
\last@line=\box28
\mult@rightbox=\box29
\mult@grightbox=\box30
\mult@gfirstbox=\box31
\mult@firstbox=\box32
\@tempa=\box33
\@tempa=\box34
\@tempa=\box35
\@tempa=\box36
\@tempa=\box37
\@tempa=\box38
\@tempa=\box39
\@tempa=\box40
\@tempa=\box41
\@tempa=\box42
\@tempa=\box43
\@tempa=\box44
\@tempa=\box45
\@tempa=\box46
\@tempa=\box47
\@tempa=\box48
\@tempa=\box49
\c@columnbadness=\count95
\c@finalcolumnbadness=\count96
\last@try=\dimen110
\multicolovershoot=\dimen111
\multicolundershoot=\dimen112
\mult@nat@firstbox=\box50
\colbreak@box=\box51
)
(/usr/local/texlive/2010/texmf-dist/tex/latex/float/float.sty
Package: float 2001/11/08 v1.3d Float enhancements (AL)
\c@float@type=\count97
\float@exts=\toks15
\float@box=\box52
\@float@everytoks=\toks16
\@floatcapt=\box53
)
(/usr/local/texlive/2010/texmf-dist/tex/latex/listings/listings.sty
\lst@mode=\count98
\lst@gtempboxa=\box54
\lst@token=\toks17
\lst@length=\count99
\lst@currlwidth=\dimen113
\lst@column=\count100
\lst@pos=\count101
\lst@lostspace=\dimen114
\lst@width=\dimen115
\lst@newlines=\count102
\lst@lineno=\count103
\lst@maxwidth=\dimen116

(/usr/local/texlive/2010/texmf-dist/tex/latex/listings/lstmisc.sty
File: lstmisc.sty 2007/02/22 1.4 (Carsten Heinz)
\c@lstnumber=\count104
\lst@skipnumbers=\count105
\lst@framebox=\box55
)
(/usr/local/texlive/2010/texmf-dist/tex/latex/listings/listings.cfg
File: listings.cfg 2007/02/22 1.4 listings configuration
))
Package: listings 2007/02/22 1.4 (Carsten Heinz)

(/usr/local/texlive/2010/texmf-dist/tex/latex/graphics/color.sty
Package: color 2005/11/14 v1.0j Standard LaTeX Color (DPC)

(/usr/local/texlive/2010/texmf-dist/tex/latex/latexconfig/color.cfg
File: color.cfg 2007/01/18 v1.5 color configuration of teTeX/TeXLive
)
Package color Info: Driver file: pdftex.def on input line 130.
)
(/usr/local/texlive/2010/texmf-dist/tex/latex/base/textcomp.sty
Package: textcomp 2005/09/27 v1.99g Standard LaTeX package
Package textcomp Info: Sub-encoding information:
(textcomp)               5 = only ISO-Adobe without \textcurrency
(textcomp)               4 = 5 + \texteuro
(textcomp)               3 = 4 + \textohm
(textcomp)               2 = 3 + \textestimated + \textcurrency
(textcomp)               1 = TS1 - \textcircled - \t
(textcomp)               0 = TS1 (full)
(textcomp)             Font families with sub-encoding setting implement
(textcomp)             only a restricted character set as indicated.
(textcomp)             Family '?' is the default used for unknown fonts.
(textcomp)             See the documentation for details.
Package textcomp Info: Setting ? sub-encoding to TS1/1 on input line 71.

(/usr/local/texlive/2010/texmf-dist/tex/latex/base/ts1enc.def
File: ts1enc.def 2001/06/05 v3.0e (jk/car/fm) Standard LaTeX file
)
LaTeX Info: Redefining \oldstylenums on input line 266.
Package textcomp Info: Setting cmr sub-encoding to TS1/0 on input line 281.
Package textcomp Info: Setting cmss sub-encoding to TS1/0 on input line 282.
Package textcomp Info: Setting cmtt sub-encoding to TS1/0 on input line 283.
Package textcomp Info: Setting cmvtt sub-encoding to TS1/0 on input line 284.
Package textcomp Info: Setting cmbr sub-encoding to TS1/0 on input line 285.
Package textcomp Info: Setting cmtl sub-encoding to TS1/0 on input line 286.
Package textcomp Info: Setting ccr sub-encoding to TS1/0 on input line 287.
Package textcomp Info: Setting ptm sub-encoding to TS1/4 on input line 288.
Package textcomp Info: Setting pcr sub-encoding to TS1/4 on input line 289.
Package textcomp Info: Setting phv sub-encoding to TS1/4 on input line 290.
Package textcomp Info: Setting ppl sub-encoding to TS1/3 on input line 291.
Package textcomp Info: Setting pag sub-encoding to TS1/4 on input line 292.
Package textcomp Info: Setting pbk sub-encoding to TS1/4 on input line 293.
Package textcomp Info: Setting pnc sub-encoding to TS1/4 on input line 294.
Package textcomp Info: Setting pzc sub-encoding to TS1/4 on input line 295.
Package textcomp Info: Setting bch sub-encoding to TS1/4 on input line 296.
Package textcomp Info: Setting put sub-encoding to TS1/5 on input line 297.
Package textcomp Info: Setting uag sub-encoding to TS1/5 on input line 298.
Package textcomp Info: Setting ugq sub-encoding to TS1/5 on input line 299.
Package textcomp Info: Setting ul8 sub-encoding to TS1/4 on input line 300.
Package textcomp Info: Setting ul9 sub-encoding to TS1/4 on input line 301.
Package textcomp Info: Setting augie sub-encoding to TS1/5 on input line 302.
Package textcomp Info: Setting dayrom sub-encoding to TS1/3 on input line 303.
Package textcomp Info: Setting dayroms sub-encoding to TS1/3 on input line 304.

Package textcomp Info: Setting pxr sub-encoding to TS1/0 on input line 305.
Package textcomp Info: Setting pxss sub-encoding to TS1/0 on input line 306.
Package textcomp Info: Setting pxtt sub-encoding to TS1/0 on input line 307.
Package textcomp Info: Setting txr sub-encoding to TS1/0 on input line 308.
Package textcomp Info: Setting txss sub-encoding to TS1/0 on input line 309.
Package textcomp Info: Setting txtt sub-encoding to TS1/0 on input line 310.
Package textcomp Info: Setting futs sub-encoding to TS1/4 on input line 311.
Package textcomp Info: Setting futx sub-encoding to TS1/4 on input line 312.
Package textcomp Info: Setting futj sub-encoding to TS1/4 on input line 313.
Package textcomp Info: Setting hlh sub-encoding to TS1/3 on input line 314.
Package textcomp Info: Setting hls sub-encoding to TS1/3 on input line 315.
Package textcomp Info: Setting hlst sub-encoding to TS1/3 on input line 316.
Package textcomp Info: Setting hlct sub-encoding to TS1/5 on input line 317.
Package textcomp Info: Setting hlx sub-encoding to TS1/5 on input line 318.
Package textcomp Info: Setting hlce sub-encoding to TS1/5 on input line 319.
Package textcomp Info: Setting hlcn sub-encoding to TS1/5 on input line 320.
Package textcomp Info: Setting hlcw sub-encoding to TS1/5 on input line 321.
Package textcomp Info: Setting hlcf sub-encoding to TS1/5 on input line 322.
Package textcomp Info: Setting pplx sub-encoding to TS1/3 on input line 323.
Package textcomp Info: Setting pplj sub-encoding to TS1/3 on input line 324.
Package textcomp Info: Setting ptmx sub-encoding to TS1/4 on input line 325.
Package textcomp Info: Setting ptmj sub-encoding to TS1/4 on input line 326.
)
(/usr/local/texlive/2010/texmf-dist/tex/latex/base/alltt.sty
Package: alltt 1997/06/16 v2.0g defines alltt environment
)
(/usr/local/texlive/2010/texmf-dist/tex/latex/psnfss/times.sty
Package: times 2005/04/12 PSNFSS-v9.2a (SPQR) 
)
(/usr/local/texlive/2010/texmf-dist/tex/generic/oberdiek/ifpdf.sty
Package: ifpdf 2010/01/28 v2.1 Provides the ifpdf switch (HO)
Package ifpdf Info: pdfTeX in pdf mode detected.
)
(/usr/local/texlive/2010/texmf-dist/tex/latex/hyperref/hyperref.sty
Package: hyperref 2010/06/18 v6.81g Hypertext links for LaTeX

(/usr/local/texlive/2010/texmf-dist/tex/generic/oberdiek/ltxcmds.sty
Package: ltxcmds 2010/04/26 v1.7 LaTeX kernel commands for general use (HO)
)
(/usr/local/texlive/2010/texmf-dist/tex/generic/oberdiek/kvsetkeys.sty
Package: kvsetkeys 2010/03/01 v1.9 Key value parser (HO)

(/usr/local/texlive/2010/texmf-dist/tex/generic/oberdiek/infwarerr.sty
Package: infwarerr 2010/04/08 v1.3 Providing info/warning/message (HO)
)
(/usr/local/texlive/2010/texmf-dist/tex/generic/oberdiek/etexcmds.sty
Package: etexcmds 2010/01/28 v1.3 Prefix for e-TeX command names (HO)
Package etexcmds Info: Could not find \expanded.
(etexcmds)             That can mean that you are not using pdfTeX 1.50 or
(etexcmds)             that some package has redefined \expanded.
(etexcmds)             In the latter case, load this package earlier.
))
(/usr/local/texlive/2010/texmf-dist/tex/generic/oberdiek/pdfescape.sty
Package: pdfescape 2010/03/01 v1.9 Provides hex, PDF name and string conversion
s (HO)

(/usr/local/texlive/2010/texmf-dist/tex/generic/oberdiek/pdftexcmds.sty
Package: pdftexcmds 2010/04/01 v0.9 Utility functions of pdfTeX for LuaTeX (HO)


(/usr/local/texlive/2010/texmf-dist/tex/generic/oberdiek/ifluatex.sty
Package: ifluatex 2010/03/01 v1.3 Provides the ifluatex switch (HO)
Package ifluatex Info: LuaTeX not detected.
)
Package pdftexcmds Info: LuaTeX not detected.
Package pdftexcmds Info: \pdf@primitive is available.
Package pdftexcmds Info: \pdf@ifprimitive is available.
))
(/usr/local/texlive/2010/texmf-dist/tex/generic/oberdiek/ifvtex.sty
Package: ifvtex 2010/03/01 v1.5 Switches for detecting VTeX and its modes (HO)
Package ifvtex Info: VTeX not detected.
)
(/usr/local/texlive/2010/texmf-dist/tex/generic/ifxetex/ifxetex.sty
Package: ifxetex 2009/01/23 v0.5 Provides ifxetex conditional
)
(/usr/local/texlive/2010/texmf-dist/tex/latex/oberdiek/hycolor.sty
Package: hycolor 2009/12/12 v1.6 Color options of hyperref/bookmark (HO)

(/usr/local/texlive/2010/texmf-dist/tex/latex/oberdiek/xcolor-patch.sty
Package: xcolor-patch 2009/12/12 xcolor patch
))
(/usr/local/texlive/2010/texmf-dist/tex/latex/oberdiek/letltxmacro.sty
Package: letltxmacro 2008/06/24 v1.3 Let assignment for LaTeX macros (HO)
)
\@linkdim=\dimen117
\Hy@linkcounter=\count106
\Hy@pagecounter=\count107

(/usr/local/texlive/2010/texmf-dist/tex/latex/hyperref/pd1enc.def
File: pd1enc.def 2010/06/18 v6.81g Hyperref: PDFDocEncoding definition (HO)
)
(/usr/local/texlive/2010/texmf-dist/tex/generic/oberdiek/intcalc.sty
Package: intcalc 2007/09/27 v1.1 Expandable integer calculations (HO)
)
(/usr/local/texlive/2010/texmf-dist/tex/latex/latexconfig/hyperref.cfg
File: hyperref.cfg 2002/06/06 v1.2 hyperref configuration of TeXLive
)
(/usr/local/texlive/2010/texmf-dist/tex/latex/oberdiek/kvoptions.sty
Package: kvoptions 2010/02/22 v3.7 Keyval support for LaTeX options (HO)
)
Package hyperref Info: Option `colorlinks' set `true' on input line 3577.
Package hyperref Info: Option `unicode' set `true' on input line 3577.

(/usr/local/texlive/2010/texmf-dist/tex/latex/hyperref/puenc.def
File: puenc.def 2010/06/18 v6.81g Hyperref: PDF Unicode definition (HO)
)
Package hyperref Info: Hyper figures OFF on input line 3658.
Package hyperref Info: Link nesting OFF on input line 3663.
Package hyperref Info: Hyper index ON on input line 3666.
Package hyperref Info: Plain pages OFF on input line 3673.
Package hyperref Info: Backreferencing ON on input line 3676.

Implicit mode ON; LaTeX internals redefined
Package hyperref Info: Bookmarks ON on input line 3874.
(/usr/local/texlive/2010/texmf-dist/tex/latex/hyperref/backref.sty
Package: backref 2010/03/11 v1.35 Bibliographical back referencing

(/usr/local/texlive/2010/texmf-dist/tex/latex/oberdiek/rerunfilecheck.sty
Package: rerunfilecheck 2010/03/16 v1.6 Rerun checks for auxiliary files (HO)

(/usr/local/texlive/2010/texmf-dist/tex/latex/oberdiek/atveryend.sty
Package: atveryend 2010/03/24 v1.5 Hooks at very end of document (HO)
Package atveryend Info: \enddocument detected (standard).
)
(/usr/local/texlive/2010/texmf-dist/tex/generic/oberdiek/uniquecounter.sty
Package: uniquecounter 2009/12/18 v1.1 Provides unlimited unique counter (HO)

(/usr/local/texlive/2010/texmf-dist/tex/generic/oberdiek/bigintcalc.sty
Package: bigintcalc 2007/11/11 v1.1 Expandable big integer calculations (HO)
))
Package uniquecounter Info: New unique counter `rerunfilecheck' on input line 2
71.
))
(/usr/local/texlive/2010/texmf-dist/tex/latex/url/url.sty
\Urlmuskip=\muskip10
Package: url 2006/04/12  ver 3.3  Verb mode for urls, etc.
)
LaTeX Info: Redefining \url on input line 4159.

(/usr/local/texlive/2010/texmf-dist/tex/generic/oberdiek/bitset.sty
Package: bitset 2007/09/28 v1.0 Data type bit set (HO)
)
\Fld@menulength=\count108
\Field@Width=\dimen118
\Fld@charsize=\dimen119
\Field@toks=\toks18
Package hyperref Info: Hyper figures OFF on input line 5137.
Package hyperref Info: Link nesting OFF on input line 5142.
Package hyperref Info: Hyper index ON on input line 5145.
Package hyperref Info: backreferencing ON on input line 5150.
Package hyperref Info: Link coloring ON on input line 5155.
Package hyperref Info: Link coloring with OCG OFF on input line 5162.
Package hyperref Info: PDF/A mode OFF on input line 5167.
LaTeX Info: Redefining \ref on input line 5207.
LaTeX Info: Redefining \pageref on input line 5211.

(/usr/local/texlive/2010/texmf-dist/tex/generic/oberdiek/atbegshi.sty
Package: atbegshi 2010/03/25 v1.12 At begin shipout hook (HO)
)
\Hy@abspage=\count109
\c@Item=\count110
\c@Hfootnote=\count111
)
* hyperref using driver hpdftex *
(/usr/local/texlive/2010/texmf-dist/tex/latex/hyperref/hpdftex.def
File: hpdftex.def 2010/06/18 v6.81g Hyperref driver for pdfTeX
\Fld@listcount=\count112
\c@bookmark@seq@number=\count113
\Hy@SectionHShift=\skip45
)
(/usr/local/texlive/2010/texmf-dist/tex/latex/base/inputenc.sty
Package: inputenc 2008/03/30 v1.1d Input encoding file
\inpenc@prehook=\toks19
\inpenc@posthook=\toks20

(/usr/local/texlive/2010/texmf-dist/tex/latex/base/utf8.def
File: utf8.def 2008/04/05 v1.1m UTF-8 support for inputenc
Now handling font encoding OML ...
... no UTF-8 mapping file for font encoding OML
Now handling font encoding T1 ...
... processing UTF-8 mapping file for font encoding T1

(/usr/local/texlive/2010/texmf-dist/tex/latex/base/t1enc.dfu
File: t1enc.dfu 2008/04/05 v1.1m UTF-8 support for inputenc
   defining Unicode char U+00A1 (decimal 161)
   defining Unicode char U+00A3 (decimal 163)
   defining Unicode char U+00AB (decimal 171)
   defining Unicode char U+00BB (decimal 187)
   defining Unicode char U+00BF (decimal 191)
   defining Unicode char U+00C0 (decimal 192)
   defining Unicode char U+00C1 (decimal 193)
   defining Unicode char U+00C2 (decimal 194)
   defining Unicode char U+00C3 (decimal 195)
   defining Unicode char U+00C4 (decimal 196)
   defining Unicode char U+00C5 (decimal 197)
   defining Unicode char U+00C6 (decimal 198)
   defining Unicode char U+00C7 (decimal 199)
   defining Unicode char U+00C8 (decimal 200)
   defining Unicode char U+00C9 (decimal 201)
   defining Unicode char U+00CA (decimal 202)
   defining Unicode char U+00CB (decimal 203)
   defining Unicode char U+00CC (decimal 204)
   defining Unicode char U+00CD (decimal 205)
   defining Unicode char U+00CE (decimal 206)
   defining Unicode char U+00CF (decimal 207)
   defining Unicode char U+00D0 (decimal 208)
   defining Unicode char U+00D1 (decimal 209)
   defining Unicode char U+00D2 (decimal 210)
   defining Unicode char U+00D3 (decimal 211)
   defining Unicode char U+00D4 (decimal 212)
   defining Unicode char U+00D5 (decimal 213)
   defining Unicode char U+00D6 (decimal 214)
   defining Unicode char U+00D8 (decimal 216)
   defining Unicode char U+00D9 (decimal 217)
   defining Unicode char U+00DA (decimal 218)
   defining Unicode char U+00DB (decimal 219)
   defining Unicode char U+00DC (decimal 220)
   defining Unicode char U+00DD (decimal 221)
   defining Unicode char U+00DE (decimal 222)
   defining Unicode char U+00DF (decimal 223)
   defining Unicode char U+00E0 (decimal 224)
   defining Unicode char U+00E1 (decimal 225)
   defining Unicode char U+00E2 (decimal 226)
   defining Unicode char U+00E3 (decimal 227)
   defining Unicode char U+00E4 (decimal 228)
   defining Unicode char U+00E5 (decimal 229)
   defining Unicode char U+00E6 (decimal 230)
   defining Unicode char U+00E7 (decimal 231)
   defining Unicode char U+00E8 (decimal 232)
   defining Unicode char U+00E9 (decimal 233)
   defining Unicode char U+00EA (decimal 234)
   defining Unicode char U+00EB (decimal 235)
   defining Unicode char U+00EC (decimal 236)
   defining Unicode char U+00ED (decimal 237)
   defining Unicode char U+00EE (decimal 238)
   defining Unicode char U+00EF (decimal 239)
   defining Unicode char U+00F0 (decimal 240)
   defining Unicode char U+00F1 (decimal 241)
   defining Unicode char U+00F2 (decimal 242)
   defining Unicode char U+00F3 (decimal 243)
   defining Unicode char U+00F4 (decimal 244)
   defining Unicode char U+00F5 (decimal 245)
   defining Unicode char U+00F6 (decimal 246)
   defining Unicode char U+00F8 (decimal 248)
   defining Unicode char U+00F9 (decimal 249)
   defining Unicode char U+00FA (decimal 250)
   defining Unicode char U+00FB (decimal 251)
   defining Unicode char U+00FC (decimal 252)
   defining Unicode char U+00FD (decimal 253)
   defining Unicode char U+00FE (decimal 254)
   defining Unicode char U+00FF (decimal 255)
   defining Unicode char U+0102 (decimal 258)
   defining Unicode char U+0103 (decimal 259)
   defining Unicode char U+0104 (decimal 260)
   defining Unicode char U+0105 (decimal 261)
   defining Unicode char U+0106 (decimal 262)
   defining Unicode char U+0107 (decimal 263)
   defining Unicode char U+010C (decimal 268)
   defining Unicode char U+010D (decimal 269)
   defining Unicode char U+010E (decimal 270)
   defining Unicode char U+010F (decimal 271)
   defining Unicode char U+0110 (decimal 272)
   defining Unicode char U+0111 (decimal 273)
   defining Unicode char U+0118 (decimal 280)
   defining Unicode char U+0119 (decimal 281)
   defining Unicode char U+011A (decimal 282)
   defining Unicode char U+011B (decimal 283)
   defining Unicode char U+011E (decimal 286)
   defining Unicode char U+011F (decimal 287)
   defining Unicode char U+0130 (decimal 304)
   defining Unicode char U+0131 (decimal 305)
   defining Unicode char U+0132 (decimal 306)
   defining Unicode char U+0133 (decimal 307)
   defining Unicode char U+0139 (decimal 313)
   defining Unicode char U+013A (decimal 314)
   defining Unicode char U+013D (decimal 317)
   defining Unicode char U+013E (decimal 318)
   defining Unicode char U+0141 (decimal 321)
   defining Unicode char U+0142 (decimal 322)
   defining Unicode char U+0143 (decimal 323)
   defining Unicode char U+0144 (decimal 324)
   defining Unicode char U+0147 (decimal 327)
   defining Unicode char U+0148 (decimal 328)
   defining Unicode char U+014A (decimal 330)
   defining Unicode char U+014B (decimal 331)
   defining Unicode char U+0150 (decimal 336)
   defining Unicode char U+0151 (decimal 337)
   defining Unicode char U+0152 (decimal 338)
   defining Unicode char U+0153 (decimal 339)
   defining Unicode char U+0154 (decimal 340)
   defining Unicode char U+0155 (decimal 341)
   defining Unicode char U+0158 (decimal 344)
   defining Unicode char U+0159 (decimal 345)
   defining Unicode char U+015A (decimal 346)
   defining Unicode char U+015B (decimal 347)
   defining Unicode char U+015E (decimal 350)
   defining Unicode char U+015F (decimal 351)
   defining Unicode char U+0160 (decimal 352)
   defining Unicode char U+0161 (decimal 353)
   defining Unicode char U+0162 (decimal 354)
   defining Unicode char U+0163 (decimal 355)
   defining Unicode char U+0164 (decimal 356)
   defining Unicode char U+0165 (decimal 357)
   defining Unicode char U+016E (decimal 366)
   defining Unicode char U+016F (decimal 367)
   defining Unicode char U+0170 (decimal 368)
   defining Unicode char U+0171 (decimal 369)
   defining Unicode char U+0178 (decimal 376)
   defining Unicode char U+0179 (decimal 377)
   defining Unicode char U+017A (decimal 378)
   defining Unicode char U+017B (decimal 379)
   defining Unicode char U+017C (decimal 380)
   defining Unicode char U+017D (decimal 381)
   defining Unicode char U+017E (decimal 382)
   defining Unicode char U+200C (decimal 8204)
   defining Unicode char U+2013 (decimal 8211)
   defining Unicode char U+2014 (decimal 8212)
   defining Unicode char U+2018 (decimal 8216)
   defining Unicode char U+2019 (decimal 8217)
   defining Unicode char U+201A (decimal 8218)
   defining Unicode char U+201C (decimal 8220)
   defining Unicode char U+201D (decimal 8221)
   defining Unicode char U+201E (decimal 8222)
   defining Unicode char U+2030 (decimal 8240)
   defining Unicode char U+2031 (decimal 8241)
   defining Unicode char U+2039 (decimal 8249)
   defining Unicode char U+203A (decimal 8250)
   defining Unicode char U+2423 (decimal 9251)
)
Now handling font encoding OT1 ...
... processing UTF-8 mapping file for font encoding OT1

(/usr/local/texlive/2010/texmf-dist/tex/latex/base/ot1enc.dfu
File: ot1enc.dfu 2008/04/05 v1.1m UTF-8 support for inputenc
   defining Unicode char U+00A1 (decimal 161)
   defining Unicode char U+00A3 (decimal 163)
   defining Unicode char U+00B8 (decimal 184)
   defining Unicode char U+00BF (decimal 191)
   defining Unicode char U+00C5 (decimal 197)
   defining Unicode char U+00C6 (decimal 198)
   defining Unicode char U+00D8 (decimal 216)
   defining Unicode char U+00DF (decimal 223)
   defining Unicode char U+00E6 (decimal 230)
   defining Unicode char U+00EC (decimal 236)
   defining Unicode char U+00ED (decimal 237)
   defining Unicode char U+00EE (decimal 238)
   defining Unicode char U+00EF (decimal 239)
   defining Unicode char U+00F8 (decimal 248)
   defining Unicode char U+0131 (decimal 305)
   defining Unicode char U+0141 (decimal 321)
   defining Unicode char U+0142 (decimal 322)
   defining Unicode char U+0152 (decimal 338)
   defining Unicode char U+0153 (decimal 339)
   defining Unicode char U+2013 (decimal 8211)
   defining Unicode char U+2014 (decimal 8212)
   defining Unicode char U+2018 (decimal 8216)
   defining Unicode char U+2019 (decimal 8217)
   defining Unicode char U+201C (decimal 8220)
   defining Unicode char U+201D (decimal 8221)
)
Now handling font encoding OMS ...
... processing UTF-8 mapping file for font encoding OMS

(/usr/local/texlive/2010/texmf-dist/tex/latex/base/omsenc.dfu
File: omsenc.dfu 2008/04/05 v1.1m UTF-8 support for inputenc
   defining Unicode char U+00A7 (decimal 167)
   defining Unicode char U+00B6 (decimal 182)
   defining Unicode char U+00B7 (decimal 183)
   defining Unicode char U+2020 (decimal 8224)
   defining Unicode char U+2021 (decimal 8225)
   defining Unicode char U+2022 (decimal 8226)
)
Now handling font encoding OMX ...
... no UTF-8 mapping file for font encoding OMX
Now handling font encoding U ...
... no UTF-8 mapping file for font encoding U
Now handling font encoding TS1 ...
... processing UTF-8 mapping file for font encoding TS1

(/usr/local/texlive/2010/texmf-dist/tex/latex/base/ts1enc.dfu
File: ts1enc.dfu 2008/04/05 v1.1m UTF-8 support for inputenc
   defining Unicode char U+00A2 (decimal 162)
   defining Unicode char U+00A3 (decimal 163)
   defining Unicode char U+00A4 (decimal 164)
   defining Unicode char U+00A5 (decimal 165)
   defining Unicode char U+00A6 (decimal 166)
   defining Unicode char U+00A7 (decimal 167)
   defining Unicode char U+00A8 (decimal 168)
   defining Unicode char U+00A9 (decimal 169)
   defining Unicode char U+00AA (decimal 170)
   defining Unicode char U+00AC (decimal 172)
   defining Unicode char U+00AE (decimal 174)
   defining Unicode char U+00AF (decimal 175)
   defining Unicode char U+00B0 (decimal 176)
   defining Unicode char U+00B1 (decimal 177)
   defining Unicode char U+00B2 (decimal 178)
   defining Unicode char U+00B3 (decimal 179)
   defining Unicode char U+00B4 (decimal 180)
   defining Unicode char U+00B5 (decimal 181)
   defining Unicode char U+00B6 (decimal 182)
   defining Unicode char U+00B7 (decimal 183)
   defining Unicode char U+00B9 (decimal 185)
   defining Unicode char U+00BA (decimal 186)
   defining Unicode char U+00BC (decimal 188)
   defining Unicode char U+00BD (decimal 189)
   defining Unicode char U+00BE (decimal 190)
   defining Unicode char U+00D7 (decimal 215)
   defining Unicode char U+00F7 (decimal 247)
   defining Unicode char U+0192 (decimal 402)
   defining Unicode char U+02C7 (decimal 711)
   defining Unicode char U+02D8 (decimal 728)
   defining Unicode char U+02DD (decimal 733)
   defining Unicode char U+0E3F (decimal 3647)
   defining Unicode char U+2016 (decimal 8214)
   defining Unicode char U+2020 (decimal 8224)
   defining Unicode char U+2021 (decimal 8225)
   defining Unicode char U+2022 (decimal 8226)
   defining Unicode char U+2030 (decimal 8240)
   defining Unicode char U+2031 (decimal 8241)
   defining Unicode char U+203B (decimal 8251)
   defining Unicode char U+203D (decimal 8253)
   defining Unicode char U+2044 (decimal 8260)
   defining Unicode char U+204E (decimal 8270)
   defining Unicode char U+2052 (decimal 8274)
   defining Unicode char U+20A1 (decimal 8353)
   defining Unicode char U+20A4 (decimal 8356)
   defining Unicode char U+20A6 (decimal 8358)
   defining Unicode char U+20A9 (decimal 8361)
   defining Unicode char U+20AB (decimal 8363)
   defining Unicode char U+20AC (decimal 8364)
   defining Unicode char U+20B1 (decimal 8369)
   defining Unicode char U+2103 (decimal 8451)
   defining Unicode char U+2116 (decimal 8470)
   defining Unicode char U+2117 (decimal 8471)
   defining Unicode char U+211E (decimal 8478)
   defining Unicode char U+2120 (decimal 8480)
   defining Unicode char U+2122 (decimal 8482)
   defining Unicode char U+2126 (decimal 8486)
   defining Unicode char U+2127 (decimal 8487)
   defining Unicode char U+212E (decimal 8494)
   defining Unicode char U+2190 (decimal 8592)
   defining Unicode char U+2191 (decimal 8593)
   defining Unicode char U+2192 (decimal 8594)
   defining Unicode char U+2193 (decimal 8595)
   defining Unicode char U+2329 (decimal 9001)
   defining Unicode char U+232A (decimal 9002)
   defining Unicode char U+2422 (decimal 9250)
   defining Unicode char U+25E6 (decimal 9702)
   defining Unicode char U+25EF (decimal 9711)
   defining Unicode char U+266A (decimal 9834)
)
Now handling font encoding PD1 ...
... no UTF-8 mapping file for font encoding PD1
Now handling font encoding PU ...
... no UTF-8 mapping file for font encoding PU
   defining Unicode char U+00A9 (decimal 169)
   defining Unicode char U+00AA (decimal 170)
   defining Unicode char U+00AE (decimal 174)
   defining Unicode char U+00BA (decimal 186)
   defining Unicode char U+02C6 (decimal 710)
   defining Unicode char U+02DC (decimal 732)
   defining Unicode char U+200C (decimal 8204)
   defining Unicode char U+2026 (decimal 8230)
   defining Unicode char U+2122 (decimal 8482)
   defining Unicode char U+2423 (decimal 9251)
)) (./doxygen.sty
Package: doxygen 
(/usr/local/texlive/2010/texmf-dist/tex/latex/tools/array.sty
Package: array 2008/09/09 v2.4c Tabular extension package (FMi)
\col@sep=\dimen120
\extrarowheight=\dimen121
\NC@list=\toks21
\extratabsurround=\skip46
\backup@length=\skip47
)
(/usr/local/texlive/2010/texmf-dist/tex/latex/tools/calc.sty
Package: calc 2007/08/22 v4.3 Infix arithmetic (KKT,FJ)
\calc@Acount=\count114
\calc@Bcount=\count115
\calc@Adimen=\dimen122
\calc@Bdimen=\dimen123
\calc@Askip=\skip48
\calc@Bskip=\skip49
LaTeX Info: Redefining \setlength on input line 76.
LaTeX Info: Redefining \addtolength on input line 77.
\calc@Ccount=\count116
\calc@Cskip=\skip50
)
(/usr/local/texlive/2010/texmf-dist/tex/latex/fancyhdr/fancyhdr.sty
\fancy@headwidth=\skip51
\f@ncyO@elh=\skip52
\f@ncyO@erh=\skip53
\f@ncyO@olh=\skip54
\f@ncyO@orh=\skip55
\f@ncyO@elf=\skip56
\f@ncyO@erf=\skip57
\f@ncyO@olf=\skip58
\f@ncyO@orf=\skip59
)
(/usr/local/texlive/2010/texmf-dist/tex/latex/tools/verbatim.sty
Package: verbatim 2003/08/22 v1.5q LaTeX2e package for verbatim enhancements
\every@verbatim=\toks22
\verbatim@line=\toks23
\verbatim@in@stream=\read1
)
\tmplength=\skip60

(/usr/local/texlive/2010/texmf-dist/tex/latex/base/fontenc.sty
Package: fontenc 2005/09/27 v1.99g Standard LaTeX package

(/usr/local/texlive/2010/texmf-dist/tex/latex/base/t1enc.def
File: t1enc.def 2005/09/27 v1.99g Standard LaTeX file
LaTeX Font Info:    Redeclaring font encoding T1 on input line 43.
)))
(/usr/local/texlive/2010/texmf-dist/tex/latex/listings/lstlang1.sty
File: lstlang1.sty 2004/09/05 1.3 listings language file
)
(/usr/local/texlive/2010/texmf-dist/tex/latex/listings/lstlang1.sty
File: lstlang1.sty 2004/09/05 1.3 listings language file
)
(/usr/local/texlive/2010/texmf-dist/tex/latex/listings/lstmisc.sty
File: lstmisc.sty 2007/02/22 1.4 (Carsten Heinz)
)
\@indexfile=\write3
\openout3 = `refman.idx'.


Writing index file refman.idx
(./refman.aux (./group___a___d_s___actions.aux)
(./group___d_s_g_m_a_a_c_c_e_s_s_o_r_s.aux)
(./group___d_s___c_a_s_e___j_s_o_n___o_p_t_i_o_n_s.aux)
(./group___d_s___s_s_y_s_t_e_m___j_s_o_n___o_p_t_i_o_n_s.aux)
(./group___d_s_s_sys_a_c_c_e_s_s_o_r_s.aux)
(./group___d_s___v_a_r_i_a_b_l_e___a_c_c_e_s_s_o_r_y.aux)
(./unionparser__aux_1_1base__info.aux) (./structds__parallelstack__t.aux)
(./struct_d_s_case.aux) (./struct_d_s_design_space.aux)
(./struct_d_s_design_space_stack.aux) (./structdsexpression.aux)
(./struct_d_s_g_m_a_system.aux) (./struct_d_s_matrix.aux)
(./struct_d_s_matrix_array.aux) (./struct_d_s_s_system.aux)
(./struct_d_s_symbolic_matrix.aux) (./struct_d_s_variable.aux)
(./struct_d_s_variable_pool.aux) (./struct_d_s_vertices.aux)
(./structexpression__token.aux) (./structmatrix__token.aux)
(./structparse__expression__s.aux) (./structparser__aux.aux)
(./structpthread__struct.aux) (./unionv__token__data.aux)
(./structvariable__token.aux) (./structyy__buffer__state.aux)
(./structyy__trans__info.aux) (./structyyguts__t.aux)
(./union_y_y_m_i_n_o_r_t_y_p_e.aux) (./structyy_parser.aux)
(./structyy_stack_entry.aux) (./_d_s_design_space_8h.aux)
(./_d_s_design_space_parallel_8c.aux) (./_d_s_design_space_parallel_8h.aux)
(./_d_s_errors_8c.aux) (./_d_s_errors_8h.aux

LaTeX Warning: Label `group___m___d_s___messages_gadd043ccc956aaee49b9c646f940c
167b' multiply defined.


LaTeX Warning: Label `group___m___d_s___messages_ga0d502db70be066b76fa94dc1eb9e
f75c' multiply defined.


LaTeX Warning: Label `group___m___d_s___messages_ga05191be522c29caa6f80baddfb2a
109c' multiply defined.


LaTeX Warning: Label `group___m___d_s___messages_ga33ff33533363ff94af03b832587f
47c6' multiply defined.


LaTeX Warning: Label `group___m___d_s___messages_ga47106b8852d8baaf66a0e7f9bd67
d36b' multiply defined.


LaTeX Warning: Label `group___m___d_s___messages_ga79c48eacc7951aa68e4d094f0989
faac' multiply defined.


LaTeX Warning: Label `group___a___d_s___actions_ga83fd1c7379ac085b8a9550b8d64f3
449' multiply defined.


LaTeX Warning: Label `group___a___d_s___actions_gad61c12e433c47da75f4322d9358c3
617' multiply defined.


LaTeX Warning: Label `group___a___d_s___actions_gabaa9a22cc1abc78916b99695489f8
df8' multiply defined.


LaTeX Warning: Label `group___a___d_s___actions_gad3e083f0c8d34073d3597724c2a26
4f6' multiply defined.


LaTeX Warning: Label `group___a___d_s___actions_gafc6d540dbb27b62f52427a845a332
12f' multiply defined.

) (./_d_s_expression_8c.aux) (./_d_s_expression_8h.aux)
(./_d_s_expression_tokenizer_lex_8c.aux

LaTeX Warning: Label `_d_s_expression_tokenizer_lex_8c_ae65cb72d09db0abdc4b8e8c
4d533ab14' multiply defined.

) (./_d_s_g_m_a_system_8c.aux

LaTeX Warning: Label `group___d_s_g_m_a_a_c_c_e_s_s_o_r_s_ga0cab93c0c71055d7f87
54aa40f1682a1' multiply defined.


LaTeX Warning: Label `group___d_s_g_m_a_a_c_c_e_s_s_o_r_s_ga4bb1751353a0d1ade65
8ca63bbce72a3' multiply defined.


LaTeX Warning: Label `group___d_s_g_m_a_a_c_c_e_s_s_o_r_s_gae873e802262802bde6c
b1cb7def4cee9' multiply defined.


LaTeX Warning: Label `group___d_s_g_m_a_a_c_c_e_s_s_o_r_s_gaa9689d77abe7393f336
5cc826ebc9aa9' multiply defined.


LaTeX Warning: Label `group___d_s_g_m_a_a_c_c_e_s_s_o_r_s_ga27b67a9b7aaf1490793
844a0ee6ddd67' multiply defined.


LaTeX Warning: Label `group___d_s_g_m_a_a_c_c_e_s_s_o_r_s_gac0d97e70b8b69c42e30
3fe30709a97f3' multiply defined.


LaTeX Warning: Label `group___d_s_g_m_a_a_c_c_e_s_s_o_r_s_ga50b54e96cfe2d1388ef
037c7e2d2f3a5' multiply defined.


LaTeX Warning: Label `group___d_s_g_m_a_a_c_c_e_s_s_o_r_s_gad8cf086cbd253602f9f
f9d49ba12f0d0' multiply defined.


LaTeX Warning: Label `group___d_s_g_m_a_a_c_c_e_s_s_o_r_s_gaf2a003c9d0cc443cb9d
d89e1e722b6bb' multiply defined.

) (./_d_s_g_m_a_system_8h.aux) (./_d_s_g_m_a_system_parsing_aux_8h.aux)
(./_d_s_i_o_8c.aux) (./_d_s_i_o_8h.aux

LaTeX Warning: Label `group___d_s___c_a_s_e___j_s_o_n___o_p_t_i_o_n_s_gae22b11d
61deb34f2a04597b5b52e0186' multiply defined.


LaTeX Warning: Label `group___d_s___c_a_s_e___j_s_o_n___o_p_t_i_o_n_s_gaae3a87d
36892fd5744ebe4ad8b111ddf' multiply defined.


LaTeX Warning: Label `group___d_s___c_a_s_e___j_s_o_n___o_p_t_i_o_n_s_ga43b67d5
fc5384d7f11297fa0dab16a72' multiply defined.


LaTeX Warning: Label `group___d_s___s_s_y_s_t_e_m___j_s_o_n___o_p_t_i_o_n_s_gad
e5134b08dd7f1da683bdb3fb876cc11' multiply defined.


LaTeX Warning: Label `group___d_s___s_s_y_s_t_e_m___j_s_o_n___o_p_t_i_o_n_s_ga8
1352fdd00a529e9a2bc2be107fd7a9b' multiply defined.

) (./_d_s_matrix_8h.aux

LaTeX Warning: Label `group___m___d_s___messages_gad80933e02bded8d239593be18ed3
dea9' multiply defined.


LaTeX Warning: Label `group___m___d_s___messages_gaeb861d5820b984719e6f2ff0ed0d
66d5' multiply defined.


LaTeX Warning: Label `group___m___d_s___messages_ga834bdead8f9b0e20331b57e051c7
f379' multiply defined.

) (./_d_s_matrix__gsl_8c.aux) (./_d_s_matrix_array_8c.aux)
(./_d_s_matrix_array_8h.aux) (./_d_s_matrix_tokenizer_8c.aux)
(./_d_s_matrix_tokenizer_8h.aux) (./_d_s_matrix_tokenizer_lex_8c.aux

LaTeX Warning: Label `_d_s_matrix_tokenizer_lex_8c_ae65cb72d09db0abdc4b8e8c4d53
3ab14' multiply defined.

) (./_d_s_memory_manager_8c.aux) (./_d_s_memory_manager_8h.aux)
(./_d_s_s_system_8h.aux) (./_d_s_std_8h.aux) (./_d_s_symbolic_matrix_8h.aux

LaTeX Warning: Label `group___m___d_s___messages_gab1c842ea678de8daa76a55fc6875
0d5e' multiply defined.


LaTeX Warning: Label `group___m___d_s___messages_gad8ee7418e1f3268fa9841bc7d7fc
f898' multiply defined.


LaTeX Warning: Label `group___m___d_s___messages_ga24ff99c3a2bfe77b32048fa05cb1
9a44' multiply defined.

) (./_d_s_types_8h.aux) (./_d_s_variable_8c.aux) (./_d_s_variable_8h.aux

LaTeX Warning: Label `group___m___d_s___messages_gac31f10e693824b630ea7bd80f59a
cadf' multiply defined.


LaTeX Warning: Label `group___m___d_s___messages_gaa3430366ad7beeafb53737b0174c
5a0b' multiply defined.

) (./_d_s_variable_tokenizer_8c.aux) (./_d_s_variable_tokenizer_lex_8c.aux

LaTeX Warning: Label `_d_s_variable_tokenizer_lex_8c_ae65cb72d09db0abdc4b8e8c4d
533ab14' multiply defined.

))
\openout1 = `refman.aux'.

LaTeX Font Info:    Checking defaults for OML/cmm/m/it on input line 35.
LaTeX Font Info:    ... okay on input line 35.
LaTeX Font Info:    Checking defaults for T1/cmr/m/n on input line 35.
LaTeX Font Info:    ... okay on input line 35.
LaTeX Font Info:    Checking defaults for OT1/cmr/m/n on input line 35.
LaTeX Font Info:    ... okay on input line 35.
LaTeX Font Info:    Checking defaults for OMS/cmsy/m/n on input line 35.
LaTeX Font Info:    ... okay on input line 35.
LaTeX Font Info:    Checking defaults for OMX/cmex/m/n on input line 35.
LaTeX Font Info:    ... okay on input line 35.
LaTeX Font Info:    Checking defaults for U/cmr/m/n on input line 35.
LaTeX Font Info:    ... okay on input line 35.
LaTeX Font Info:    Checking defaults for TS1/cmr/m/n on input line 35.
LaTeX Font Info:    Try loading font information for TS1+cmr on input line 35.
 (/usr/local/texlive/2010/texmf-dist/tex/latex/base/ts1cmr.fd
File: ts1cmr.fd 1999/05/25 v2.5h Standard LaTeX font definitions
)
LaTeX Font Info:    ... okay on input line 35.
LaTeX Font Info:    Checking defaults for PD1/pdf/m/n on input line 35.
LaTeX Font Info:    ... okay on input line 35.
LaTeX Font Info:    Checking defaults for PU/pdf/m/n on input line 35.
LaTeX Font Info:    ... okay on input line 35.
LaTeX Font Info:    Try loading font information for T1+ptm on input line 35.

(/usr/local/texlive/2010/texmf-dist/tex/latex/psnfss/t1ptm.fd
File: t1ptm.fd 2001/06/04 font definitions for T1/ptm.
)
(/usr/local/texlive/2010/texmf-dist/tex/context/base/supp-pdf.mkii
[Loading MPS to PDF converter (version 2006.09.02).]
\scratchcounter=\count117
\scratchdimen=\dimen124
\scratchbox=\box56
\nofMPsegments=\count118
\nofMParguments=\count119
\everyMPshowfont=\toks24
\MPscratchCnt=\count120
\MPscratchDim=\dimen125
\MPnumerator=\count121
\everyMPtoPDFconversion=\toks25
) (/usr/local/texlive/2010/texmf-dist/tex/latex/oberdiek/epstopdf-base.sty
Package: epstopdf-base 2010/02/09 v2.5 Base part for package epstopdf

(/usr/local/texlive/2010/texmf-dist/tex/latex/oberdiek/grfext.sty
Package: grfext 2007/09/30 v1.0 Managing graphics extensions (HO)
)
Package grfext Info: Graphics extension search list:
(grfext)             [.png,.pdf,.jpg,.mps,.jpeg,.jbig2,.jb2,.PNG,.PDF,.JPG,.JPE
G,.JBIG2,.JB2,.eps]
(grfext)             \AppendGraphicsExtensions on input line 436.

(/usr/local/texlive/2010/texmf-dist/tex/latex/latexconfig/epstopdf-sys.cfg
File: epstopdf-sys.cfg 2010/07/13 v1.3 Configuration of (r)epstopdf for TeX Liv
e
))
\c@lstlisting=\count122
\AtBeginShipoutBox=\box57
Package hyperref Info: Link coloring ON on input line 35.

(/usr/local/texlive/2010/texmf-dist/tex/latex/hyperref/nameref.sty
Package: nameref 2010/04/30 v2.40 Cross-referencing by name of section

(/usr/local/texlive/2010/texmf-dist/tex/latex/oberdiek/refcount.sty
Package: refcount 2008/08/11 v3.1 Data extraction from references (HO)
)
(/usr/local/texlive/2010/texmf-dist/tex/generic/oberdiek/gettitlestring.sty
Package: gettitlestring 2009/12/18 v1.3 Cleanup title references (HO)
)
\c@section@level=\count123
)
LaTeX Info: Redefining \ref on input line 35.
LaTeX Info: Redefining \pageref on input line 35.
LaTeX Info: Redefining \nameref on input line 35.

(./refman.out) (./refman.out)
\@outlinefile=\write4
\openout4 = `refman.out'.

Package hyperref Info: Option `pageanchor' set `false' on input line 36.
 [1


{/usr/local/texlive/2010/texmf-var/fonts/map/pdftex/updmap/pdftex.map}] [2

]
LaTeX Font Info:    Font shape `T1/ptm/bx/n' in size <24.88> not available
(Font)              Font shape `T1/ptm/b/n' tried instead on input line 49.
 (./refman.toc
LaTeX Font Info:    Font shape `T1/ptm/bx/n' in size <10> not available
(Font)              Font shape `T1/ptm/b/n' tried instead on input line 1.
LaTeX Font Info:    External font `cmex10' loaded for size
(Font)              <7> on input line 3.
LaTeX Font Info:    External font `cmex10' loaded for size
(Font)              <5> on input line 3.
 [1

]
Underfull \vbox (badness 1389) has occurred while \output is active []

LaTeX Font Info:    Font shape `T1/ptm/bx/n' in size <7> not available
(Font)              Font shape `T1/ptm/b/n' tried instead on input line 64.
 [2]
[3]
Underfull \vbox (badness 1389) has occurred while \output is active []

 [4]
Underfull \vbox (badness 1389) has occurred while \output is active []

 [5]
Underfull \vbox (badness 1389) has occurred while \output is active []

 [6]
Underfull \vbox (badness 1389) has occurred while \output is active []

 [7]
Underfull \vbox (badness 1389) has occurred while \output is active []

 [8]
Underfull \vbox (badness 1389) has occurred while \output is active []

 [9]
Underfull \vbox (badness 1389) has occurred while \output is active []

 [10])
\tf@toc=\write5
\openout5 = `refman.toc'.


[11] [12

]
Package hyperref Info: Option `pageanchor' set `true' on input line 52.

Chapter 1.
LaTeX Font Info:    Font shape `T1/ptm/bx/n' in size <20.74> not available
(Font)              Font shape `T1/ptm/b/n' tried instead on input line 53.
(./todo.tex) [1

] [2

]
Chapter 2.
(./modules.tex
LaTeX Font Info:    Font shape `T1/ptm/bx/n' in size <14.4> not available
(Font)              Font shape `T1/ptm/b/n' tried instead on input line 1.
) [3] [4

]
Chapter 3.
(./annotated.tex) [5] [6

]
Chapter 4.
(./files.tex

LaTeX Warning: Reference `_d_s_case_8h' on page 7 undefined on input line 3.


LaTeX Warning: Reference `_d_s_design_space_stack_8h' on page 7 undefined on in
put line 8.


LaTeX Warning: Reference `_d_s_expression_grammar_8h' on page 7 undefined on in
put line 13.


LaTeX Warning: Reference `_d_s_expression_tokenizer_8h' on page 7 undefined on 
input line 14.


LaTeX Warning: Reference `_d_s_g_m_a_system_grammar_8h' on page 7 undefined on 
input line 18.

[7]

LaTeX Warning: Reference `_d_s_s_system_grammar_8h' on page 8 undefined on inpu
t line 32.


LaTeX Warning: Reference `_d_s_subcase_8h' on page 8 undefined on input line 34
.


LaTeX Warning: Reference `_d_s_variable_grammar_8h' on page 8 undefined on inpu
t line 39.


LaTeX Warning: Reference `_d_s_variable_tokenizer_8h' on page 8 undefined on in
put line 41.


LaTeX Warning: Reference `_d_s_vertices_8h' on page 8 undefined on input line 4
3.

) [8]
Chapter 5.
(./group___m___d_s___messages.tex
LaTeX Font Info:    Font shape `T1/ptm/bx/n' in size <12> not available
(Font)              Font shape `T1/ptm/b/n' tried instead on input line 5.
LaTeX Font Info:    Try loading font information for TS1+ptm on input line 8.

(/usr/local/texlive/2010/texmf-dist/tex/latex/psnfss/ts1ptm.fd
File: ts1ptm.fd 2001/06/04 font definitions for TS1/ptm.
) [9

]) [10]
\openout2 = `group___a___d_s___actions.aux'.


(./group___a___d_s___actions.tex) [11

]
\openout2 = `group___d_s_g_m_a_a_c_c_e_s_s_o_r_s.aux'.


(./group___d_s_g_m_a_a_c_c_e_s_s_o_r_s.tex) [12


]
\openout2 = `group___d_s___c_a_s_e___j_s_o_n___o_p_t_i_o_n_s.aux'.


(./group___d_s___c_a_s_e___j_s_o_n___o_p_t_i_o_n_s.tex) [13


]
\openout2 = `group___d_s___s_s_y_s_t_e_m___j_s_o_n___o_p_t_i_o_n_s.aux'.


(./group___d_s___s_s_y_s_t_e_m___j_s_o_n___o_p_t_i_o_n_s.tex) [14


]
\openout2 = `group___d_s_s_sys_a_c_c_e_s_s_o_r_s.aux'.


(./group___d_s_s_sys_a_c_c_e_s_s_o_r_s.tex) [15


]
\openout2 = `group___d_s___v_a_r_i_a_b_l_e___a_c_c_e_s_s_o_r_y.aux'.


(./group___d_s___v_a_r_i_a_b_l_e___a_c_c_e_s_s_o_r_y.tex) [16


]
Chapter 6.
(./struct__var_dictionary.tex
LaTeX Font Info:    Try loading font information for T1+pcr on input line 12.

(/usr/local/texlive/2010/texmf-dist/tex/latex/psnfss/t1pcr.fd
File: t1pcr.fd 2001/06/04 font definitions for T1/pcr.
)
Package epstopdf Info: Source file: <struct__var_dictionary__coll__graph.eps>
(epstopdf)                    date: 2011-06-24 18:04:50
(epstopdf)                    size: 6890 bytes
(epstopdf)             Output file: <struct__var_dictionary__coll__graph-eps-co
nverted-to.pdf>
(epstopdf)                    date: 2011-06-24 18:16:39
(epstopdf)                    size: 5559 bytes
(epstopdf)             Command: <repstopdf --outfile=struct__var_dictionary__co
ll__graph-eps-converted-to.pdf struct__var_dictionary__coll__graph.eps>
(epstopdf)             \includegraphics on input line 20.
Package epstopdf Info: Output file is already uptodate.

<struct__var_dictionary__coll__graph-eps-converted-to.pdf, id=2233, 153.57375pt
 x 94.3525pt>
File: struct__var_dictionary__coll__graph-eps-converted-to.pdf Graphic file (ty
pe pdf)
 <use struct__var_dictionary__coll__graph-eps-converted-to.pdf>
LaTeX Font Info:    External font `cmex10' loaded for size
(Font)              <9> on input line 45.
LaTeX Font Info:    External font `cmex10' loaded for size
(Font)              <6> on input line 45.

[17


 <./struct__var_dictionary__coll__graph-eps-converted-to.pdf>]) [18]
\openout2 = `unionparser__aux_1_1base__info.aux'.


(./unionparser__aux_1_1base__info.tex) [19

]
\openout2 = `structds__parallelstack__t.aux'.

 (./structds__parallelstack__t.tex)
[20


]
\openout2 = `struct_d_s_case.aux'.

 (./struct_d_s_case.tex [21


]) [22]
\openout2 = `struct_d_s_design_space.aux'.

 (./struct_d_s_design_space.tex) [23


]
\openout2 = `struct_d_s_design_space_stack.aux'.


(./struct_d_s_design_space_stack.tex) [24


]
\openout2 = `structdsexpression.aux'.

 (./structdsexpression.tex) [25


]
\openout2 = `struct_d_s_g_m_a_system.aux'.


(./struct_d_s_g_m_a_system.tex) [26


]
\openout2 = `struct_d_s_matrix.aux'.

 (./struct_d_s_matrix.tex) [27


]
\openout2 = `struct_d_s_matrix_array.aux'.


(./struct_d_s_matrix_array.tex
<struct_d_s_matrix_array__coll__graph.pdf, id=2453, 107.40125pt x 90.3375pt>
File: struct_d_s_matrix_array__coll__graph.pdf Graphic file (type pdf)

<use struct_d_s_matrix_array__coll__graph.pdf>) [28


 <./struct_d_s_matrix_array__coll__graph.pdf>]
\openout2 = `struct_d_s_s_system.aux'.

 (./struct_d_s_s_system.tex
Package epstopdf Info: Source file: <struct_d_s_s_system__coll__graph.eps>
(epstopdf)                    date: 2011-06-24 18:04:51
(epstopdf)                    size: 6530 bytes
(epstopdf)             Output file: <struct_d_s_s_system__coll__graph-eps-conve
rted-to.pdf>
(epstopdf)                    date: 2011-06-24 18:16:39
(epstopdf)                    size: 5719 bytes
(epstopdf)             Command: <repstopdf --outfile=struct_d_s_s_system__coll_
_graph-eps-converted-to.pdf struct_d_s_s_system__coll__graph.eps>
(epstopdf)             \includegraphics on input line 20.
Package epstopdf Info: Output file is already uptodate.

<struct_d_s_s_system__coll__graph-eps-converted-to.pdf, id=2472, 90.3375pt x 15
0.5625pt>
File: struct_d_s_s_system__coll__graph-eps-converted-to.pdf Graphic file (type 
pdf)
 <use struct_d_s_s_system__coll__graph-eps-converted-to.pdf>) [29


 <./struct_d_s_s_system__coll__graph-eps-converted-to.pdf>]
\openout2 = `struct_d_s_symbolic_matrix.aux'.


(./struct_d_s_symbolic_matrix.tex) [30


]
\openout2 = `struct_d_s_variable.aux'.

 (./struct_d_s_variable.tex) [31


]
\openout2 = `struct_d_s_variable_pool.aux'.


(./struct_d_s_variable_pool.tex) [32


]
\openout2 = `struct_d_s_vertices.aux'.

 (./struct_d_s_vertices.tex) [33


]
\openout2 = `structexpression__token.aux'.


(./structexpression__token.tex) [34


]
\openout2 = `structmatrix__token.aux'.

 (./structmatrix__token.tex) [35


]
\openout2 = `structparse__expression__s.aux'.


(./structparse__expression__s.tex) [36


]
\openout2 = `structparser__aux.aux'.

 (./structparser__aux.tex) [37


]
\openout2 = `structpthread__struct.aux'.


(./structpthread__struct.tex) [38


]
\openout2 = `unionv__token__data.aux'.

 (./unionv__token__data.tex) [39


]
\openout2 = `structvariable__token.aux'.


(./structvariable__token.tex) [40


]
\openout2 = `structyy__buffer__state.aux'.

 (./structyy__buffer__state.tex) [41


]
\openout2 = `structyy__trans__info.aux'.


(./structyy__trans__info.tex) [42


]
\openout2 = `structyyguts__t.aux'.

 (./structyyguts__t.tex) [43


]
\openout2 = `union_y_y_m_i_n_o_r_t_y_p_e.aux'.


(./union_y_y_m_i_n_o_r_t_y_p_e.tex) [44


]
\openout2 = `structyy_parser.aux'.

 (./structyy_parser.tex) [45


]
\openout2 = `structyy_stack_entry.aux'.


(./structyy_stack_entry.tex) [46


]
Chapter 7.
(./_d_s_design_space_8c.tex [47


]
Underfull \hbox (badness 1019) in paragraph at lines 101--103
[][][]\T1/ptm/m/n/10 DSDesignSpace[][] $\OMS/cmsy/m/n/10 ^^C$ \T1/ptm/b/n/10 DS
-De-signSpace-By-Pars-ingStrings \T1/ptm/m/n/10 (const [][]DSVari-able-Pool[][]
 $\OMS/cmsy/m/n/10 ^^C$\T1/ptm/m/n/10 const Xd, char
 []


Underfull \hbox (badness 1622) in paragraph at lines 161--163
[]\T1/ptm/m/n/10 const bool \T1/ptm/b/n/10 DS-De-signSpace-Case-With-CaseNum-be
rIs-Valid \T1/ptm/m/n/10 (const [][]DS-De-signSpace[][] $\OMS/cmsy/m/n/10 ^^C$\
T1/ptm/m/n/10 ds, const
 []

[48]) [49]
\openout2 = `_d_s_design_space_8h.aux'.

 (./_d_s_design_space_8h.tex
Underfull \hbox (badness 1019) in paragraph at lines 39--41
[][][]\T1/ptm/m/n/10 DSDesignSpace[][] $\OMS/cmsy/m/n/10 ^^C$ \T1/ptm/b/n/10 DS
-De-signSpace-By-Pars-ingStrings \T1/ptm/m/n/10 (const [][]DSVari-able-Pool[][]
 $\OMS/cmsy/m/n/10 ^^C$\T1/ptm/m/n/10 const Xd, char
 []


Underfull \hbox (badness 1622) in paragraph at lines 99--101
[]\T1/ptm/m/n/10 const bool \T1/ptm/b/n/10 DS-De-signSpace-Case-With-CaseNum-be
rIs-Valid \T1/ptm/m/n/10 (const [][]DS-De-signSpace[][] $\OMS/cmsy/m/n/10 ^^C$\
T1/ptm/m/n/10 ds, const
 []

[50

]) [51]
\openout2 = `_d_s_design_space_parallel_8c.aux'.

 (./_d_s_design_space_parallel_8c.tex [52


]) [53]
\openout2 = `_d_s_design_space_parallel_8h.aux'.


(./_d_s_design_space_parallel_8h.tex [54


]) [55]
\openout2 = `_d_s_errors_8c.aux'.

 (./_d_s_errors_8c.tex
<_d_s_errors_8c__incl.pdf, id=2995, 395.4775pt x 190.7125pt>
File: _d_s_errors_8c__incl.pdf Graphic file (type pdf)

<use _d_s_errors_8c__incl.pdf> [56


 <./_d_s_errors_8c__incl.pdf>]
LaTeX Font Info:    Font shape `T1/ptm/bx/it' in size <10> not available
(Font)              Font shape `T1/ptm/b/it' tried instead on input line 97.
 [57]) [58]
\openout2 = `_d_s_errors_8h.aux'.


(./_d_s_errors_8h.tex
<_d_s_errors_8h__incl.pdf, id=3034, 268.00125pt x 134.5025pt>
File: _d_s_errors_8h__incl.pdf Graphic file (type pdf)

<use _d_s_errors_8h__incl.pdf>
<_d_s_errors_8h__dep__incl.pdf, id=3035, 642.4pt x 134.5025pt>
File: _d_s_errors_8h__dep__incl.pdf Graphic file (type pdf)

<use _d_s_errors_8h__dep__incl.pdf>pdfTeX warning (ext4): destination with the 
same identifier (name{group___m___d_s___messages_gadd043ccc956aaee49b9c646f940c
167b}) has been already used, duplicate ignored
<to be read again> 
                   \relax 
l.32 ...OFILE}~\char`\"{}File not found\char`\"{}}
                                                  pdfTeX warning (ext4): destin
ation with the same identifier (name{group___m___d_s___messages_ga0d502db70be06
6b76fa94dc1eb9ef75c}) has been already used, duplicate ignored
<to be read again> 
                   \relax 
l.37 ..._\-NULL}~\char`\"{}NULL pointer\char`\"{}}
                                                  pdfTeX warning (ext4): destin
ation with the same identifier (name{group___m___d_s___messages_ga05191be522c29
caa6f80baddfb2a109c}) has been already used, duplicate ignored
<to be read again> 
                   \relax 
l.42 ...MAT}~\char`\"{}Format not known\char`\"{}}
                                                  pdfTeX warning (ext4): destin
ation with the same identifier (name{group___m___d_s___messages_ga33ff33533363f
f94af03b832587f47c6}) has been already used, duplicate ignored
<to be read again> 
                   \relax 
l.52 ...}~\char`\"{}Data already exists\char`\"{}}
                                                  pdfTeX warning (ext4): destin
ation with the same identifier (name{group___m___d_s___messages_ga47106b8852d8b
aaf66a0e7f9bd67d36b}) has been already used, duplicate ignored
<to be read again> 
                   \relax 
l.62 ...}~\char`\"{}Memory alloc failed\char`\"{}}
                                                   [59


 <./_d_s_errors_8h__incl.pdf> <./_d_s_errors_8h__dep__incl.pdf>]pdfTeX warning 
(ext4): destination with the same identifier (name{group___m___d_s___messages_g
a79c48eacc7951aa68e4d094f0989faac}) has been already used, duplicate ignored
<to be read again> 
                   \relax 
l.67 ...{}Functionality not implemented\char`\"{}}
                                                  pdfTeX warning (ext4): destin
ation with the same identifier (name{group___a___d_s___actions_ga83fd1c7379ac08
5b8a9550b8d64f3449}) has been already used, duplicate ignored
<to be read again> 
                   \relax 
l.77 ...5b8a9550b8d64f3449}{A\_\-DS\_\-NOERROR}~0}
                                                  pdfTeX warning (ext4): destin
ation with the same identifier (name{group___a___d_s___actions_gad61c12e433c47d
a75f4322d9358c3617}) has been already used, duplicate ignored
<to be read again> 
                   \relax 
l.82 ...a75f4322d9358c3617}{A\_\-DS\_\-WARN}~-\/1}
                                                  pdfTeX warning (ext4): destin
ation with the same identifier (name{group___a___d_s___actions_gabaa9a22cc1abc7
8916b99695489f8df8}) has been already used, duplicate ignored
<to be read again> 
                   \relax 
l.87 ...916b99695489f8df8}{A\_\-DS\_\-ERROR}~-\/2}
                                                  pdfTeX warning (ext4): destin
ation with the same identifier (name{group___a___d_s___actions_gad3e083f0c8d340
73d3597724c2a264f6}) has been already used, duplicate ignored
<to be read again> 
                   \relax 
l.92 ...3d3597724c2a264f6}{A\_\-DS\_\-FATAL}~-\/3}
                                                  pdfTeX warning (ext4): destin
ation with the same identifier (name{group___a___d_s___actions_gafc6d540dbb27b6
2f52427a845a33212f}) has been already used, duplicate ignored
<to be read again> 
                   \relax 
l.97 ...12f}{A\_\-DS\_\-KILLNOW}~A\_\-DS\_\-FATAL}
                                                  
Underfull \hbox (badness 1881) in paragraph at lines 101--102
[]\T1/ptm/m/n/10 #define [][]DSEr-ror[][](M_-DS_-Message, A_-DS_-Action) DSErro
rFunction(M_-DS_-Message, A_-DS_-
 []

[60]) [61]
\openout2 = `_d_s_expression_8c.aux'.

 (./_d_s_expression_8c.tex [62


]) [63]
\openout2 = `_d_s_expression_8h.aux'.

 (./_d_s_expression_8h.tex
Underfull \hbox (badness 10000) in paragraph at lines 40--42
[]\T1/ptm/m/n/10 #define \T1/ptm/b/n/10 DSEx-pres-sion-Se-t-Op-er-a-tor\T1/ptm/
m/n/10 (x, y) ((x-$\OML/cmm/m/it/10 >$\T1/ptm/m/n/10 node.op_-code) = y, (x-$\O
ML/cmm/m/it/10 >$\T1/ptm/m/n/10 type = DS_-
 []


Underfull \hbox (badness 1043) in paragraph at lines 75--77
[]\T1/ptm/m/n/10 #define \T1/ptm/b/n/10 DSEx-pres-sion-Va-ri-able\T1/ptm/m/n/10
 (x) ((x-$\OML/cmm/m/it/10 >$\T1/ptm/m/n/10 type == DS_-EXPRESSION_-TYPE_-VARIA
BLE $\OMS/cmsy/m/n/10 j$$j$ \T1/ptm/m/n/10 x-
 []

[64


]) [65]
\openout2 = `_d_s_expression_tokenizer_lex_8c.aux'.

 (./_d_s_expression_tokenizer_lex_8c.tex [66


]
Underfull \hbox (badness 10000) in paragraph at lines 266--268
[]\T1/ptm/m/n/10 #define \T1/ptm/b/n/10 YY_-FLUSH_-BUFFER \T1/ptm/m/n/10 DSExpr
essionFlex_-flush_-buffer(YY_-CURRENT_-BUFFER
 []

[67]
Underfull \hbox (badness 2495) in paragraph at lines 497--499
[][][]\T1/ptm/m/n/10 YY_-BUFFER_-STATE[][] [][]DSExpressionFlex_-scan_-buffer[]
[] (char $\OMS/cmsy/m/n/10 ^^C$\T1/ptm/m/n/10 base, yy_-size_-t size, yyscan_-
 []

[68] [69] [70] [71pdfTeX warning (ext4): destination with the same identifier (
name{_d_s_expression_tokenizer_lex_8c_ae65cb72d09db0abdc4b8e8c4d533ab14}) has b
een already used, duplicate ignored

\AtBegShi@Output ...ipout \box \AtBeginShipoutBox 
                                                  \fi \fi 
l.762 \begin{DoxyParams}{Parameters}
                                    ] [72] [73] [74]) [75]
\openout2 = `_d_s_g_m_a_system_8c.aux'.


(./_d_s_g_m_a_system_8c.texpdfTeX warning (ext4): destination with the same ide
ntifier (name{group___d_s_g_m_a_a_c_c_e_s_s_o_r_s_ga0cab93c0c71055d7f8754aa40f1
682a\ETC.}) has been already used, duplicate ignored
<to be read again> 
                   \relax 
l.31 ...fine {\bfseries DSGMAXi}(x)~((x)-\/$>$Xi)}
                                                  pdfTeX warning (ext4): destin
ation with the same identifier (name{group___d_s_g_m_a_a_c_c_e_s_s_o_r_s_ga4bb1
751353a0d1ade658ca63bbce72a\ETC.}) has been already used, duplicate ignored
<to be read again> 
                   \relax 
l.36 ...fine {\bfseries DSGMAXd}(x)~((x)-\/$>$Xd)}
                                                  pdfTeX warning (ext4): destin
ation with the same identifier (name{group___d_s_g_m_a_a_c_c_e_s_s_o_r_s_gae873
e802262802bde6cb1cb7def4cee\ETC.}) has been already used, duplicate ignored
<to be read again> 
                   \relax 
l.41 ...\bfseries DSGMAAlpha}(x)~((x)-\/$>$alpha)}
                                                  pdfTeX warning (ext4): destin
ation with the same identifier (name{group___d_s_g_m_a_a_c_c_e_s_s_o_r_s_gaa968
9d77abe7393f3365cc826ebc9aa\ETC.}) has been already used, duplicate ignored
<to be read again> 
                   \relax 
l.46 ... {\bfseries DSGMABeta}(x)~((x)-\/$>$beta)}
                                                  pdfTeX warning (ext4): destin
ation with the same identifier (name{group___d_s_g_m_a_a_c_c_e_s_s_o_r_s_ga27b6
7a9b7aaf1490793844a0ee6ddd6\ETC.}) has been already used, duplicate ignored
<to be read again> 
                   \relax 
l.51 ...fine {\bfseries DSGMAGd}(x)~((x)-\/$>$Gd)}
                                                  pdfTeX warning (ext4): destin
ation with the same identifier (name{group___d_s_g_m_a_a_c_c_e_s_s_o_r_s_gac0d9
7e70b8b69c42e303fe30709a97f\ETC.}) has been already used, duplicate ignored
<to be read again> 
                   \relax 
l.56 ...fine {\bfseries DSGMAGi}(x)~((x)-\/$>$Gi)}
                                                  pdfTeX warning (ext4): destin
ation with the same identifier (name{group___d_s_g_m_a_a_c_c_e_s_s_o_r_s_ga50b5
4e96cfe2d1388ef037c7e2d2f3a\ETC.}) has been already used, duplicate ignored
<to be read again> 
                   \relax 
l.61 ...fine {\bfseries DSGMAHd}(x)~((x)-\/$>$Hd)}
                                                  pdfTeX warning (ext4): destin
ation with the same identifier (name{group___d_s_g_m_a_a_c_c_e_s_s_o_r_s_gad8cf
086cbd253602f9ff9d49ba12f0d\ETC.}) has been already used, duplicate ignored
<to be read again> 
                   \relax 
l.66 ...fine {\bfseries DSGMAHi}(x)~((x)-\/$>$Hi)}
                                                  pdfTeX warning (ext4): destin
ation with the same identifier (name{group___d_s_g_m_a_a_c_c_e_s_s_o_r_s_gaf2a0
03c9d0cc443cb9dd89e1e722b6b\ETC.}) has been already used, duplicate ignored
<to be read again> 
                   \relax 
l.71 ...s DSGMASignature}(x)~((x)-\/$>$signature)}
                                                   [76


]
Underfull \hbox (badness 1852) in paragraph at lines 124--126
[][][]\T1/ptm/m/n/10 DSExpression[][] $\OMS/cmsy/m/n/10 ^^C$ \T1/ptm/b/n/10 DS-
G-MASys-tem-Neg-a-tiveT-erms-ForE-qua-tions \T1/ptm/m/n/10 (const [][]DS-G-MASy
s-tem[][] $\OMS/cmsy/m/n/10 ^^C$\T1/ptm/m/n/10 gma,
 []

) [77]
\openout2 = `_d_s_g_m_a_system_8h.aux'.

 (./_d_s_g_m_a_system_8h.tex
Underfull \hbox (badness 1852) in paragraph at lines 64--66
[][][]\T1/ptm/m/n/10 DSExpression[][] $\OMS/cmsy/m/n/10 ^^C$ \T1/ptm/b/n/10 DS-
G-MASys-tem-Neg-a-tiveT-erms-ForE-qua-tions \T1/ptm/m/n/10 (const [][]DS-G-MASy
s-tem[][] $\OMS/cmsy/m/n/10 ^^C$\T1/ptm/m/n/10 gma,
 []

[78


]) [79]
\openout2 = `_d_s_g_m_a_system_parsing_aux_8h.aux'.

 (./_d_s_g_m_a_system_parsing_aux_8h.tex
Underfull \hbox (badness 10000) in paragraph at lines 57--59
[]\T1/ptm/m/n/10 #define \T1/ptm/b/n/10 DS-GMA-Parser-AuxBaseAtIn-dex-Is-Vari-a
ble\T1/ptm/m/n/10 (x, y) (!is-
 []

[80


]) [81]
\openout2 = `_d_s_i_o_8c.aux'.

 (./_d_s_i_o_8c.tex
<_d_s_i_o_8c__incl.pdf, id=3590, 317.185pt x 190.7125pt>
File: _d_s_i_o_8c__incl.pdf Graphic file (type pdf)

<use _d_s_i_o_8c__incl.pdf> [82


 <./_d_s_i_o_8c__incl.pdf>] [83] [84] [85]
[86]) [87]
\openout2 = `_d_s_i_o_8h.aux'.

 (./_d_s_i_o_8h.tex
<_d_s_i_o_8h__incl.pdf, id=3708, 290.08376pt x 190.7125pt>
File: _d_s_i_o_8h__incl.pdf Graphic file (type pdf)

<use _d_s_i_o_8h__incl.pdf>
<_d_s_i_o_8h__dep__incl.pdf, id=3709, 675.52374pt x 190.7125pt>
File: _d_s_i_o_8h__dep__incl.pdf Graphic file (type pdf)

<use _d_s_i_o_8h__dep__incl.pdf>pdfTeX warning (ext4): destination with the sam
e identifier (name{group___d_s___c_a_s_e___j_s_o_n___o_p_t_i_o_n_s_gae22b11d61d
eb34f2a04\ETC.}) has been already used, duplicate ignored
<to be read again> 
                   \relax 
l.30 ...6}{DS\_\-CASE\_\-JSON\_\-NO\_\-SSYSTEM}~1}
                                                  pdfTeX warning (ext4): destin
ation with the same identifier (name{group___d_s___c_a_s_e___j_s_o_n___o_p_t_i_
o_n_s_gaae3a87d36892fd5744e\ETC.}) has been already used, duplicate ignored
<to be read again> 
                   \relax 
l.35 ...ASE\_\-JSON\_\-NO\_\-CASE\_\-SIGNATURE}~2}
                                                  pdfTeX warning (ext4): destin
ation with the same identifier (name{group___d_s___c_a_s_e___j_s_o_n___o_p_t_i_
o_n_s_ga43b67d5fc5384d7f112\ETC.}) has been already used, duplicate ignored
<to be read again> 
                   \relax 
l.40 ...DS\_\-CASE\_\-JSON\_\-NO\_\-CONDITIONS}~4}
                                                  pdfTeX warning (ext4): destin
ation with the same identifier (name{group___d_s___s_s_y_s_t_e_m___j_s_o_n___o_
p_t_i_o_n_s_gade5134b08dd7f\ETC.}) has been already used, duplicate ignored
<to be read again> 
                   \relax 
l.45 ...S\_\-SSYSTEM\_\-JSON\_\-NO\_\-SOLUTION}~1}
                                                  pdfTeX warning (ext4): destin
ation with the same identifier (name{group___d_s___s_s_y_s_t_e_m___j_s_o_n___o_
p_t_i_o_n_s_ga81352fdd00a52\ETC.}) has been already used, duplicate ignored
<to be read again> 
                   \relax 
l.50 ...S\_\-SSYSTEM\_\-JSON\_\-NO\_\-SINGULAR}~2}
                                                   [88


 <./_d_s_i_o_8h__incl.pdf> <./_d_s_i_o_8h__dep__incl.pdf>] [89] [90] [91] [92] 
[93] [94]) [95]
\openout2 = `_d_s_matrix_8h.aux'.


(./_d_s_matrix_8h.tex
<_d_s_matrix_8h__incl.pdf, id=3857, 238.8925pt x 134.5025pt>
File: _d_s_matrix_8h__incl.pdf Graphic file (type pdf)

<use _d_s_matrix_8h__incl.pdf>
<_d_s_matrix_8h__dep__incl.pdf, id=3858, 342.27875pt x 134.5025pt>
File: _d_s_matrix_8h__dep__incl.pdf Graphic file (type pdf)

<use _d_s_matrix_8h__dep__incl.pdf>pdfTeX warning (ext4): destination with the 
same identifier (name{group___m___d_s___messages_gad80933e02bded8d239593be18ed3
dea9}) has been already used, duplicate ignored
<to be read again> 
                   \relax 
l.29 ...r`\"{}Pointer to matrix is NULL\char`\"{}}
                                                  pdfTeX warning (ext4): destin
ation with the same identifier (name{group___m___d_s___messages_gaeb861d5820b98
4719e6f2ff0ed0d66d5}) has been already used, duplicate ignored
<to be read again> 
                   \relax 
l.34 ...\"{}Row or column out of bounds\char`\"{}}
                                                  pdfTeX warning (ext4): destin
ation with the same identifier (name{group___m___d_s___messages_ga834bdead8f9b0
e20331b57e051c7f379}) has been already used, duplicate ignored
<to be read again> 
                   \relax 
l.39 ...~\char`\"{}Matrix data is empty\char`\"{}}
                                                   [96


 <./_d_s_matrix_8h__incl.pdf> <./_d_s_matrix_8h__dep__incl.pdf>] [97]
Underfull \hbox (badness 8094) in paragraph at lines 201--203
[][][]\T1/ptm/m/n/10 DSMatrix[][] $\OMS/cmsy/m/n/10 ^^C$ \T1/ptm/b/n/10 DS-Ma-t
rixAp-pend-Ma-tri-ces \T1/ptm/m/n/10 (const [][]DS-Ma-trix[][] $\OMS/cmsy/m/n/1
0 ^^C$\T1/ptm/m/n/10 firstMatrix, const [][]DS-Ma-trix[][]
 []

[98] [99] [100] [101] [102]) [103]
\openout2 = `_d_s_matrix__gsl_8c.aux'.

 (./_d_s_matrix__gsl_8c.tex
<_d_s_matrix__gsl_8c__incl.pdf, id=4119, 684.5575pt x 303.1325pt>
File: _d_s_matrix__gsl_8c__incl.pdf Graphic file (type pdf)

<use _d_s_matrix__gsl_8c__incl.pdf>
Package epstopdf Info: Source file: <_d_s_matrix__gsl_8c__dep__incl.eps>
(epstopdf)                    date: 2011-07-19 17:22:23
(epstopdf)                    size: 5781 bytes
(epstopdf)             Output file: <_d_s_matrix__gsl_8c__dep__incl-eps-convert
ed-to.pdf>
(epstopdf)                    date: 2011-07-19 17:31:42
(epstopdf)                    size: 5192 bytes
(epstopdf)             Command: <repstopdf --outfile=_d_s_matrix__gsl_8c__dep__
incl-eps-converted-to.pdf _d_s_matrix__gsl_8c__dep__incl.eps>
(epstopdf)             \includegraphics on input line 33.
Package epstopdf Info: Output file is already uptodate.

<_d_s_matrix__gsl_8c__dep__incl-eps-converted-to.pdf, id=4120, 128.48pt x 22.08
25pt>
File: _d_s_matrix__gsl_8c__dep__incl-eps-converted-to.pdf Graphic file (type pd
f)
 <use _d_s_matrix__gsl_8c__dep__incl-eps-converted-to.pdf> [104


 <./_d_s_matrix__gsl_8c__incl.pdf> <./_d_s_matrix__gsl_8c__dep__incl-eps-conver
ted-to.pdf>] [105]
Underfull \hbox (badness 8094) in paragraph at lines 190--192
[][][]\T1/ptm/m/n/10 DSMatrix[][] $\OMS/cmsy/m/n/10 ^^C$ \T1/ptm/b/n/10 DS-Ma-t
rixAp-pend-Ma-tri-ces \T1/ptm/m/n/10 (const [][]DS-Ma-trix[][] $\OMS/cmsy/m/n/1
0 ^^C$\T1/ptm/m/n/10 firstMatrix, const [][]DS-Ma-trix[][]
 []

[106] [107] [108] [109] [110]) [111]
\openout2 = `_d_s_matrix_array_8c.aux'.

 (./_d_s_matrix_array_8c.tex
<_d_s_matrix_array_8c__incl.pdf, id=4378, 353.32pt x 303.1325pt>
File: _d_s_matrix_array_8c__incl.pdf Graphic file (type pdf)

<use _d_s_matrix_array_8c__incl.pdf> [112


 <./_d_s_matrix_array_8c__incl.pdf>]
[113]) [114]
\openout2 = `_d_s_matrix_array_8h.aux'.

 (./_d_s_matrix_array_8h.tex
<_d_s_matrix_array_8h__incl.pdf, id=4455, 317.185pt x 190.7125pt>
File: _d_s_matrix_array_8h__incl.pdf Graphic file (type pdf)

<use _d_s_matrix_array_8h__incl.pdf>
<_d_s_matrix_array_8h__dep__incl.pdf, id=4456, 220.825pt x 78.2925pt>
File: _d_s_matrix_array_8h__dep__incl.pdf Graphic file (type pdf)

<use _d_s_matrix_array_8h__dep__incl.pdf> [115


 <./_d_s_matrix_array_8h__incl.pdf> <./_d_s_matrix_array_8h__dep__incl.pdf>] [1
16]) [117]
\openout2 = `_d_s_matrix_tokenizer_8c.aux'.


(./_d_s_matrix_tokenizer_8c.tex) [118


]
\openout2 = `_d_s_matrix_tokenizer_8h.aux'.

 (./_d_s_matrix_tokenizer_8h.tex [119


])
[120]
\openout2 = `_d_s_matrix_tokenizer_lex_8c.aux'.

 (./_d_s_matrix_tokenizer_lex_8c.tex [121


] [122] [123] [124] [125]
[126pdfTeX warning (ext4): destination with the same identifier (name{_d_s_matr
ix_tokenizer_lex_8c_ae65cb72d09db0abdc4b8e8c4d533ab14}) has been already used, 
duplicate ignored

\AtBegShi@Output ...ipout \box \AtBeginShipoutBox 
                                                  \fi \fi 
l.758 ...e}]the character buffer \item[{\em size}]
                                                  the size in bytes of the c...
] [127] [128] [129]) [130]
\openout2 = `_d_s_memory_manager_8c.aux'.

 (./_d_s_memory_manager_8c.tex
<_d_s_memory_manager_8c__incl.pdf, id=4793, 348.30125pt x 246.9225pt>
File: _d_s_memory_manager_8c__incl.pdf Graphic file (type pdf)

<use _d_s_memory_manager_8c__incl.pdf> [131


 <./_d_s_memory_manager_8c__incl.pdf>] [132]) [133]
\openout2 = `_d_s_memory_manager_8h.aux'.

 (./_d_s_memory_manager_8h.tex
<_d_s_memory_manager_8h__incl.pdf, id=4822, 272.01625pt x 190.7125pt>
File: _d_s_memory_manager_8h__incl.pdf Graphic file (type pdf)

<use _d_s_memory_manager_8h__incl.pdf>
<_d_s_memory_manager_8h__dep__incl.pdf, id=4823, 642.4pt x 78.2925pt>
File: _d_s_memory_manager_8h__dep__incl.pdf Graphic file (type pdf)

<use _d_s_memory_manager_8h__dep__incl.pdf> [134


 <./_d_s_memory_manager_8h__incl.pdf> <./_d_s_memory_manager_8h__dep__incl.pdf>
] [135]) [136]
\openout2 = `_d_s_s_system_8h.aux'.


(./_d_s_s_system_8h.tex [137


]) [138]
\openout2 = `_d_s_std_8h.aux'.

 (./_d_s_std_8h.tex
<_d_s_std_8h__incl.pdf, id=4964, 511.9125pt x 303.1325pt>
File: _d_s_std_8h__incl.pdf Graphic file (type pdf)

<use _d_s_std_8h__incl.pdf> [139


 <./_d_s_std_8h__incl.pdf>]) [140]
\openout2 = `_d_s_symbolic_matrix_8h.aux'.


(./_d_s_symbolic_matrix_8h.texpdfTeX warning (ext4): destination with the same 
identifier (name{group___m___d_s___messages_gab1c842ea678de8daa76a55fc68750d5e}
) has been already used, duplicate ignored
<to be read again> 
                   \relax 
l.17 ...nter to symbolic matrix is NULL\char`\"{}}
                                                  pdfTeX warning (ext4): destin
ation with the same identifier (name{group___m___d_s___messages_gad8ee7418e1f32
68fa9841bc7d7fcf898}) has been already used, duplicate ignored
<to be read again> 
                   \relax 
l.22 ...\"{}Row or column out of bounds\char`\"{}}
                                                  pdfTeX warning (ext4): destin
ation with the same identifier (name{group___m___d_s___messages_ga24ff99c3a2bfe
77b32048fa05cb19a44}) has been already used, duplicate ignored
<to be read again> 
                   \relax 
l.27 ...~\char`\"{}Matrix data is empty\char`\"{}}
                                                  
Underfull \hbox (badness 2253) in paragraph at lines 35--37
[][][]\T1/ptm/m/n/10 DSSymbolicMatrix[][] $\OMS/cmsy/m/n/10 ^^C$ \T1/ptm/b/n/10
 DSSym-bol-ic-Ma-trix-Al-loc \T1/ptm/m/n/10 (const DSUIn-te-ger rows, const DSU
In-te-ger
 []


Underfull \hbox (badness 1320) in paragraph at lines 40--42
[][][]\T1/ptm/m/n/10 DSSymbolicMatrix[][] $\OMS/cmsy/m/n/10 ^^C$ \T1/ptm/b/n/10
 DSSym-bol-ic-Ma-trix-Cal-loc \T1/ptm/m/n/10 (const DSUIn-te-ger rows, const DS
UIn-te-ger
 []


Underfull \hbox (badness 2521) in paragraph at lines 60--62
[][][]\T1/ptm/m/n/10 DSSymbolicMatrix[][] $\OMS/cmsy/m/n/10 ^^C$ \T1/ptm/b/n/10
 DSSym-bol-ic-Ma-trixRan-dom-Num-bers \T1/ptm/m/n/10 (const DSUIn-te-ger rows, 
const
 []

[141


]) [142]
\openout2 = `_d_s_types_8h.aux'.

 (./_d_s_types_8h.tex
<_d_s_types_8h__incl.pdf, id=5033, 238.8925pt x 78.2925pt>
File: _d_s_types_8h__incl.pdf Graphic file (type pdf)

<use _d_s_types_8h__incl.pdf>
<_d_s_types_8h__dep__incl.pdf, id=5034, 817.0525pt x 246.9225pt>
File: _d_s_types_8h__dep__incl.pdf Graphic file (type pdf)

<use _d_s_types_8h__dep__incl.pdf> [143


 <./_d_s_types_8h__incl.pdf> <./_d_s_types_8h__dep__incl.pdf>]
Underfull \hbox (badness 2213) in paragraph at lines 97--102
[]\T1/ptm/m/n/10 enum [][]DSVari-able-Pool-Lock[][] { [][]DSLock-Read-WriteAdd[
][], [][]DSLock-Read-Write[][], [][]DSLock-Read-Only[][],
 []

[144] [145]) [146]
\openout2 = `_d_s_variable_8c.aux'.

 (./_d_s_variable_8c.tex
<_d_s_variable_8c__incl.pdf, id=5106, 479.7925pt x 246.9225pt>
File: _d_s_variable_8c__incl.pdf Graphic file (type pdf)

<use _d_s_variable_8c__incl.pdf> [147


 <./_d_s_variable_8c__incl.pdf>] [148]
[149] [150] [151] [152] [153]) [154]
\openout2 = `_d_s_variable_8h.aux'.

 (./_d_s_variable_8h.tex
<_d_s_variable_8h__incl.pdf, id=5320, 268.00125pt x 134.5025pt>
File: _d_s_variable_8h__incl.pdf Graphic file (type pdf)

<use _d_s_variable_8h__incl.pdf>
<_d_s_variable_8h__dep__incl.pdf, id=5321, 180.675pt x 78.2925pt>
File: _d_s_variable_8h__dep__incl.pdf Graphic file (type pdf)

<use _d_s_variable_8h__dep__incl.pdf>pdfTeX warning (ext4): destination with th
e same identifier (name{group___m___d_s___messages_gac31f10e693824b630ea7bd80f5
9acadf}) has been already used, duplicate ignored
<to be read again> 
                   \relax 
l.47 ...har`\"{}: Variable Pool is NULL\char`\"{}}
                                                  pdfTeX warning (ext4): destin
ation with the same identifier (name{group___m___d_s___messages_gaa3430366ad7be
eafb53737b0174c5a0b}) has been already used, duplicate ignored
<to be read again> 
                   \relax 
l.52 ...lePool: Insufficient priviliges\char`\"{}}
                                                   [155


 <./_d_s_variable_8h__incl.pdf> <./_d_s_variable_8h__dep__incl.pdf>] [156] [157
] [158] [159] [160]
[161]) [162]
\openout2 = `_d_s_variable_tokenizer_8c.aux'.

 (./_d_s_variable_tokenizer_8c.tex) [163


]
\openout2 = `_d_s_variable_tokenizer_lex_8c.aux'.


(./_d_s_variable_tokenizer_lex_8c.tex [164


] [165] [166] [167] [168] [169pdfTeX warning (ext4): destination with the same 
identifier (name{_d_s_variable_tokenizer_lex_8c_ae65cb72d09db0abdc4b8e8c4d533ab
14}) has been already used, duplicate ignored

\AtBegShi@Output ...ipout \box \AtBeginShipoutBox 
                                                  \fi \fi 
l.777 \begin{DoxyParams}{Parameters}
                                    ] [170] [171] [172] [173]) [174]
(./refman.ind [175


] [176] [177] [178] [179] [180])
Package atveryend Info: Empty hook `BeforeClearDocument' on input line 133.
Package atveryend Info: Empty hook `AfterLastShipout' on input line 133.
 (./refman.aux
(./group___a___d_s___actions.aux) (./group___d_s_g_m_a_a_c_c_e_s_s_o_r_s.aux)
(./group___d_s___c_a_s_e___j_s_o_n___o_p_t_i_o_n_s.aux)
(./group___d_s___s_s_y_s_t_e_m___j_s_o_n___o_p_t_i_o_n_s.aux)
(./group___d_s_s_sys_a_c_c_e_s_s_o_r_s.aux)
(./group___d_s___v_a_r_i_a_b_l_e___a_c_c_e_s_s_o_r_y.aux)
(./unionparser__aux_1_1base__info.aux) (./structds__parallelstack__t.aux)
(./struct_d_s_case.aux) (./struct_d_s_design_space.aux)
(./struct_d_s_design_space_stack.aux) (./structdsexpression.aux)
(./struct_d_s_g_m_a_system.aux) (./struct_d_s_matrix.aux)
(./struct_d_s_matrix_array.aux) (./struct_d_s_s_system.aux)
(./struct_d_s_symbolic_matrix.aux) (./struct_d_s_variable.aux)
(./struct_d_s_variable_pool.aux) (./struct_d_s_vertices.aux)
(./structexpression__token.aux) (./structmatrix__token.aux)
(./structparse__expression__s.aux) (./structparser__aux.aux)
(./structpthread__struct.aux) (./unionv__token__data.aux)
(./structvariable__token.aux) (./structyy__buffer__state.aux)
(./structyy__trans__info.aux) (./structyyguts__t.aux)
(./union_y_y_m_i_n_o_r_t_y_p_e.aux) (./structyy_parser.aux)
(./structyy_stack_entry.aux) (./_d_s_design_space_8h.aux)
(./_d_s_design_space_parallel_8c.aux) (./_d_s_design_space_parallel_8h.aux)
(./_d_s_errors_8c.aux) (./_d_s_errors_8h.aux) (./_d_s_expression_8c.aux)
(./_d_s_expression_8h.aux) (./_d_s_expression_tokenizer_lex_8c.aux)
(./_d_s_g_m_a_system_8c.aux) (./_d_s_g_m_a_system_8h.aux)
(./_d_s_g_m_a_system_parsing_aux_8h.aux) (./_d_s_i_o_8c.aux) (./_d_s_i_o_8h.aux
) (./_d_s_matrix_8h.aux) (./_d_s_matrix__gsl_8c.aux)
(./_d_s_matrix_array_8c.aux) (./_d_s_matrix_array_8h.aux)
(./_d_s_matrix_tokenizer_8c.aux) (./_d_s_matrix_tokenizer_8h.aux)
(./_d_s_matrix_tokenizer_lex_8c.aux) (./_d_s_memory_manager_8c.aux)
(./_d_s_memory_manager_8h.aux) (./_d_s_s_system_8h.aux) (./_d_s_std_8h.aux)
(./_d_s_symbolic_matrix_8h.aux) (./_d_s_types_8h.aux) (./_d_s_variable_8c.aux)
(./_d_s_variable_8h.aux) (./_d_s_variable_tokenizer_8c.aux)
(./_d_s_variable_tokenizer_lex_8c.aux))
Package atveryend Info: Executing hook `AtVeryEndDocument' on input line 133.
Package rerunfilecheck Info: File `refman.out' has not changed.
(rerunfilecheck)             Checksum: 0E2CE527EFB6AE79C22E6C3143628855;65247.


LaTeX Warning: There were undefined references.


LaTeX Warning: There were multiply-defined labels.

 ) 
Here is how much of TeX's memory you used:
 12864 strings out of 493747
 292908 string characters out of 3143546
 288875 words of memory out of 3000000
 13639 multiletter control sequences out of 15000+200000
 48884 words of font info for 55 fonts, out of 3000000 for 9000
 714 hyphenation exceptions out of 8191
 42i,12n,58p,896b,522s stack positions out of 5000i,500n,10000p,200000b,50000s
pdfTeX warning (dest): name{structexpression__token_aee90379adb0307effb138f48
71edbc5c} has been referenced but does not exist, replaced by a fixed one

pdfTeX warning (dest): name{structexpression__token_a5ac083a645d964373f022d03df
4849c8} has been referenced but does not exist, replaced by a fixed one

pdfTeX warning (dest): name{_d_s_vertices_8h_source} has been referenced but do
es not exist, replaced by a fixed one

pdfTeX warning (dest): name{structdsexpression_aab7679056ef1a7836a49d5a2eab18a8
f} has been referenced but does not exist, replaced by a fixed one

{/usr/local/texlive/2010/texmf-dist/fonts/enc/dvips/base/8r.enc}</usr/local/tex
live/2010/texmf-dist/fonts/type1/public/amsfonts/cm/cmmi10.pfb></usr/local/texl
ive/2010/texmf-dist/fonts/type1/public/amsfonts/cm/cmr10.pfb></usr/local/texliv
e/2010/texmf-dist/fonts/type1/public/amsfonts/cm/cmsy10.pfb></usr/local/texlive
/2010/texmf-dist/fonts/type1/public/amsfonts/cm/cmsy7.pfb></usr/local/texlive/2
010/texmf-dist/fonts/type1/public/amsfonts/cm/cmsy9.pfb></usr/local/texlive/201
0/texmf-dist/fonts/type1/urw/courier/ucrr8a.pfb></usr/local/texlive/2010/texmf-
dist/fonts/type1/urw/times/utmb8a.pfb></usr/local/texlive/2010/texmf-dist/fonts
/type1/urw/times/utmbi8a.pfb></usr/local/texlive/2010/texmf-dist/fonts/type1/ur
w/times/utmr8a.pfb></usr/local/texlive/2010/texmf-dist/fonts/type1/urw/times/ut
mri8a.pfb>
Output written on refman.pdf (194 pages, 655540 bytes).
PDF statistics:
 6698 PDF objects out of 7423 (max. 8388607)
 6378 compressed objects within 64 object streams
 1833 named destinations out of 2073 (max. 500000)
 3014 words of extra memory for PDF output out of 10000 (max. 10000000)

