\BOOKMARK [0][-]{chapter.1}{\376\377\000T\000o\000d\000o\000\040\000L\000i\000s\000t}{}% 1
\BOOKMARK [0][-]{chapter.2}{\376\377\000M\000o\000d\000u\000l\000e\000\040\000I\000n\000d\000e\000x}{}% 2
\BOOKMARK [1][-]{section.2.1}{\376\377\000M\000o\000d\000u\000l\000e\000s}{chapter.2}% 3
\BOOKMARK [0][-]{chapter.3}{\376\377\000D\000a\000t\000a\000\040\000S\000t\000r\000u\000c\000t\000u\000r\000e\000\040\000I\000n\000d\000e\000x}{}% 4
\BOOKMARK [1][-]{section.3.1}{\376\377\000D\000a\000t\000a\000\040\000S\000t\000r\000u\000c\000t\000u\000r\000e\000s}{chapter.3}% 5
\BOOKMARK [0][-]{chapter.4}{\376\377\000F\000i\000l\000e\000\040\000I\000n\000d\000e\000x}{}% 6
\BOOKMARK [1][-]{section.4.1}{\376\377\000F\000i\000l\000e\000\040\000L\000i\000s\000t}{chapter.4}% 7
\BOOKMARK [0][-]{chapter.5}{\376\377\000M\000o\000d\000u\000l\000e\000\040\000D\000o\000c\000u\000m\000e\000n\000t\000a\000t\000i\000o\000n}{}% 8
\BOOKMARK [1][-]{section.5.1}{\376\377\000M\000e\000s\000s\000a\000g\000e\000s\000\040\000f\000o\000r\000\040\000D\000S\000\040\000E\000r\000r\000o\000r\000s\000.}{chapter.5}% 9
\BOOKMARK [2][-]{subsection.5.1.1}{\376\377\000D\000e\000t\000a\000i\000l\000e\000d\000\040\000D\000e\000s\000c\000r\000i\000p\000t\000i\000o\000n}{section.5.1}% 10
\BOOKMARK [1][-]{section.5.2}{\376\377\000A\000c\000t\000i\000o\000n\000s\000\040\000f\000o\000r\000\040\000D\000S\000\040\000E\000r\000r\000o\000r\000s\000.}{chapter.5}% 11
\BOOKMARK [2][-]{subsection.5.2.1}{\376\377\000D\000e\000t\000a\000i\000l\000e\000d\000\040\000D\000e\000s\000c\000r\000i\000p\000t\000i\000o\000n}{section.5.2}% 12
\BOOKMARK [1][-]{section.5.3}{\376\377\000D\000S\000G\000M\000A\000A\000C\000C\000E\000S\000S\000O\000R\000S}{chapter.5}% 13
\BOOKMARK [2][-]{subsection.5.3.1}{\376\377\000D\000e\000t\000a\000i\000l\000e\000d\000\040\000D\000e\000s\000c\000r\000i\000p\000t\000i\000o\000n}{section.5.3}% 14
\BOOKMARK [1][-]{section.5.4}{\376\377\000O\000p\000t\000i\000o\000n\000s\000\040\000f\000o\000r\000\040\000J\000S\000O\000N\000\040\000c\000o\000n\000v\000e\000r\000s\000i\000o\000n\000\040\000o\000f\000\040\000D\000S\000C\000a\000s\000e\000\040\000o\000b\000j\000e\000c\000t\000.}{chapter.5}% 15
\BOOKMARK [2][-]{subsection.5.4.1}{\376\377\000D\000e\000t\000a\000i\000l\000e\000d\000\040\000D\000e\000s\000c\000r\000i\000p\000t\000i\000o\000n}{section.5.4}% 16
\BOOKMARK [1][-]{section.5.5}{\376\377\000O\000p\000t\000i\000o\000n\000s\000\040\000f\000o\000r\000\040\000J\000S\000O\000N\000\040\000c\000o\000n\000v\000e\000r\000s\000i\000o\000n\000\040\000o\000f\000\040\000D\000S\000S\000S\000y\000s\000t\000e\000m\000\040\000o\000b\000j\000e\000c\000t\000.}{chapter.5}% 17
\BOOKMARK [2][-]{subsection.5.5.1}{\376\377\000D\000e\000t\000a\000i\000l\000e\000d\000\040\000D\000e\000s\000c\000r\000i\000p\000t\000i\000o\000n}{section.5.5}% 18
\BOOKMARK [1][-]{section.5.6}{\376\377\000D\000S\000S\000S\000y\000s\000A\000C\000C\000E\000S\000S\000O\000R\000S}{chapter.5}% 19
\BOOKMARK [2][-]{subsection.5.6.1}{\376\377\000D\000e\000t\000a\000i\000l\000e\000d\000\040\000D\000e\000s\000c\000r\000i\000p\000t\000i\000o\000n}{section.5.6}% 20
\BOOKMARK [1][-]{section.5.7}{\376\377\000M\000a\000c\000r\000o\000s\000\040\000t\000o\000\040\000m\000a\000n\000i\000p\000u\000l\000a\000t\000e\000\040\000v\000a\000r\000i\000a\000b\000l\000e\000s\000.}{chapter.5}% 21
\BOOKMARK [2][-]{subsection.5.7.1}{\376\377\000D\000e\000t\000a\000i\000l\000e\000d\000\040\000D\000e\000s\000c\000r\000i\000p\000t\000i\000o\000n}{section.5.7}% 22
\BOOKMARK [2][-]{subsection.5.7.2}{\376\377\000D\000e\000f\000i\000n\000e\000\040\000D\000o\000c\000u\000m\000e\000n\000t\000a\000t\000i\000o\000n}{section.5.7}% 23
\BOOKMARK [3][-]{subsubsection.5.7.2.1}{\376\377\000D\000S\000V\000a\000r\000i\000a\000b\000l\000e\000N\000a\000m\000e}{subsection.5.7.2}% 24
\BOOKMARK [3][-]{subsubsection.5.7.2.2}{\376\377\000D\000S\000V\000a\000r\000i\000a\000b\000l\000e\000S\000e\000t\000V\000a\000l\000u\000e}{subsection.5.7.2}% 25
\BOOKMARK [3][-]{subsubsection.5.7.2.3}{\376\377\000D\000S\000V\000a\000r\000i\000a\000b\000l\000e\000V\000a\000l\000u\000e}{subsection.5.7.2}% 26
\BOOKMARK [0][-]{chapter.6}{\376\377\000D\000a\000t\000a\000\040\000S\000t\000r\000u\000c\000t\000u\000r\000e\000\040\000D\000o\000c\000u\000m\000e\000n\000t\000a\000t\000i\000o\000n}{}% 27
\BOOKMARK [1][-]{section.6.1}{\376\377\000\137\000v\000a\000r\000D\000i\000c\000t\000i\000o\000n\000a\000r\000y\000\040\000S\000t\000r\000u\000c\000t\000\040\000R\000e\000f\000e\000r\000e\000n\000c\000e}{chapter.6}% 28
\BOOKMARK [2][-]{subsection.6.1.1}{\376\377\000D\000e\000t\000a\000i\000l\000e\000d\000\040\000D\000e\000s\000c\000r\000i\000p\000t\000i\000o\000n}{section.6.1}% 29
\BOOKMARK [1][-]{section.6.2}{\376\377\000b\000a\000s\000e\000\137\000i\000n\000f\000o\000\040\000U\000n\000i\000o\000n\000\040\000R\000e\000f\000e\000r\000e\000n\000c\000e}{chapter.6}% 30
\BOOKMARK [1][-]{section.6.3}{\376\377\000d\000s\000\137\000p\000a\000r\000a\000l\000l\000e\000l\000s\000t\000a\000c\000k\000\137\000t\000\040\000S\000t\000r\000u\000c\000t\000\040\000R\000e\000f\000e\000r\000e\000n\000c\000e}{chapter.6}% 31
\BOOKMARK [2][-]{subsection.6.3.1}{\376\377\000D\000e\000t\000a\000i\000l\000e\000d\000\040\000D\000e\000s\000c\000r\000i\000p\000t\000i\000o\000n}{section.6.3}% 32
\BOOKMARK [1][-]{section.6.4}{\376\377\000D\000S\000C\000a\000s\000e\000\040\000S\000t\000r\000u\000c\000t\000\040\000R\000e\000f\000e\000r\000e\000n\000c\000e}{chapter.6}% 33
\BOOKMARK [2][-]{subsection.6.4.1}{\376\377\000D\000e\000t\000a\000i\000l\000e\000d\000\040\000D\000e\000s\000c\000r\000i\000p\000t\000i\000o\000n}{section.6.4}% 34
\BOOKMARK [1][-]{section.6.5}{\376\377\000D\000S\000D\000e\000s\000i\000g\000n\000S\000p\000a\000c\000e\000\040\000S\000t\000r\000u\000c\000t\000\040\000R\000e\000f\000e\000r\000e\000n\000c\000e}{chapter.6}% 35
\BOOKMARK [2][-]{subsection.6.5.1}{\376\377\000D\000e\000t\000a\000i\000l\000e\000d\000\040\000D\000e\000s\000c\000r\000i\000p\000t\000i\000o\000n}{section.6.5}% 36
\BOOKMARK [1][-]{section.6.6}{\376\377\000D\000S\000D\000e\000s\000i\000g\000n\000S\000p\000a\000c\000e\000S\000t\000a\000c\000k\000\040\000S\000t\000r\000u\000c\000t\000\040\000R\000e\000f\000e\000r\000e\000n\000c\000e}{chapter.6}% 37
\BOOKMARK [1][-]{section.6.7}{\376\377\000d\000s\000e\000x\000p\000r\000e\000s\000s\000i\000o\000n\000\040\000S\000t\000r\000u\000c\000t\000\040\000R\000e\000f\000e\000r\000e\000n\000c\000e}{chapter.6}% 38
\BOOKMARK [2][-]{subsection.6.7.1}{\376\377\000D\000e\000t\000a\000i\000l\000e\000d\000\040\000D\000e\000s\000c\000r\000i\000p\000t\000i\000o\000n}{section.6.7}% 39
\BOOKMARK [1][-]{section.6.8}{\376\377\000D\000S\000G\000M\000A\000S\000y\000s\000t\000e\000m\000\040\000S\000t\000r\000u\000c\000t\000\040\000R\000e\000f\000e\000r\000e\000n\000c\000e}{chapter.6}% 40
\BOOKMARK [2][-]{subsection.6.8.1}{\376\377\000D\000e\000t\000a\000i\000l\000e\000d\000\040\000D\000e\000s\000c\000r\000i\000p\000t\000i\000o\000n}{section.6.8}% 41
\BOOKMARK [1][-]{section.6.9}{\376\377\000D\000S\000M\000a\000t\000r\000i\000x\000\040\000S\000t\000r\000u\000c\000t\000\040\000R\000e\000f\000e\000r\000e\000n\000c\000e}{chapter.6}% 42
\BOOKMARK [2][-]{subsection.6.9.1}{\376\377\000D\000e\000t\000a\000i\000l\000e\000d\000\040\000D\000e\000s\000c\000r\000i\000p\000t\000i\000o\000n}{section.6.9}% 43
\BOOKMARK [1][-]{section.6.10}{\376\377\000D\000S\000M\000a\000t\000r\000i\000x\000A\000r\000r\000a\000y\000\040\000S\000t\000r\000u\000c\000t\000\040\000R\000e\000f\000e\000r\000e\000n\000c\000e}{chapter.6}% 44
\BOOKMARK [2][-]{subsection.6.10.1}{\376\377\000D\000e\000t\000a\000i\000l\000e\000d\000\040\000D\000e\000s\000c\000r\000i\000p\000t\000i\000o\000n}{section.6.10}% 45
\BOOKMARK [1][-]{section.6.11}{\376\377\000D\000S\000S\000S\000y\000s\000t\000e\000m\000\040\000S\000t\000r\000u\000c\000t\000\040\000R\000e\000f\000e\000r\000e\000n\000c\000e}{chapter.6}% 46
\BOOKMARK [2][-]{subsection.6.11.1}{\376\377\000D\000e\000t\000a\000i\000l\000e\000d\000\040\000D\000e\000s\000c\000r\000i\000p\000t\000i\000o\000n}{section.6.11}% 47
\BOOKMARK [1][-]{section.6.12}{\376\377\000D\000S\000S\000y\000m\000b\000o\000l\000i\000c\000M\000a\000t\000r\000i\000x\000\040\000S\000t\000r\000u\000c\000t\000\040\000R\000e\000f\000e\000r\000e\000n\000c\000e}{chapter.6}% 48
\BOOKMARK [2][-]{subsection.6.12.1}{\376\377\000D\000e\000t\000a\000i\000l\000e\000d\000\040\000D\000e\000s\000c\000r\000i\000p\000t\000i\000o\000n}{section.6.12}% 49
\BOOKMARK [1][-]{section.6.13}{\376\377\000D\000S\000V\000a\000r\000i\000a\000b\000l\000e\000\040\000S\000t\000r\000u\000c\000t\000\040\000R\000e\000f\000e\000r\000e\000n\000c\000e}{chapter.6}% 50
\BOOKMARK [2][-]{subsection.6.13.1}{\376\377\000D\000e\000t\000a\000i\000l\000e\000d\000\040\000D\000e\000s\000c\000r\000i\000p\000t\000i\000o\000n}{section.6.13}% 51
\BOOKMARK [1][-]{section.6.14}{\376\377\000D\000S\000V\000a\000r\000i\000a\000b\000l\000e\000P\000o\000o\000l\000\040\000S\000t\000r\000u\000c\000t\000\040\000R\000e\000f\000e\000r\000e\000n\000c\000e}{chapter.6}% 52
\BOOKMARK [2][-]{subsection.6.14.1}{\376\377\000D\000e\000t\000a\000i\000l\000e\000d\000\040\000D\000e\000s\000c\000r\000i\000p\000t\000i\000o\000n}{section.6.14}% 53
\BOOKMARK [1][-]{section.6.15}{\376\377\000D\000S\000V\000e\000r\000t\000i\000c\000e\000s\000\040\000S\000t\000r\000u\000c\000t\000\040\000R\000e\000f\000e\000r\000e\000n\000c\000e}{chapter.6}% 54
\BOOKMARK [2][-]{subsection.6.15.1}{\376\377\000D\000e\000t\000a\000i\000l\000e\000d\000\040\000D\000e\000s\000c\000r\000i\000p\000t\000i\000o\000n}{section.6.15}% 55
\BOOKMARK [1][-]{section.6.16}{\376\377\000e\000x\000p\000r\000e\000s\000s\000i\000o\000n\000\137\000t\000o\000k\000e\000n\000\040\000S\000t\000r\000u\000c\000t\000\040\000R\000e\000f\000e\000r\000e\000n\000c\000e}{chapter.6}% 56
\BOOKMARK [2][-]{subsection.6.16.1}{\376\377\000D\000e\000t\000a\000i\000l\000e\000d\000\040\000D\000e\000s\000c\000r\000i\000p\000t\000i\000o\000n}{section.6.16}% 57
\BOOKMARK [1][-]{section.6.17}{\376\377\000m\000a\000t\000r\000i\000x\000\137\000t\000o\000k\000e\000n\000\040\000S\000t\000r\000u\000c\000t\000\040\000R\000e\000f\000e\000r\000e\000n\000c\000e}{chapter.6}% 58
\BOOKMARK [1][-]{section.6.18}{\376\377\000p\000a\000r\000s\000e\000\137\000e\000x\000p\000r\000e\000s\000s\000i\000o\000n\000\137\000s\000\040\000S\000t\000r\000u\000c\000t\000\040\000R\000e\000f\000e\000r\000e\000n\000c\000e}{chapter.6}% 59
\BOOKMARK [2][-]{subsection.6.18.1}{\376\377\000D\000e\000t\000a\000i\000l\000e\000d\000\040\000D\000e\000s\000c\000r\000i\000p\000t\000i\000o\000n}{section.6.18}% 60
\BOOKMARK [1][-]{section.6.19}{\376\377\000p\000a\000r\000s\000e\000r\000\137\000a\000u\000x\000\040\000S\000t\000r\000u\000c\000t\000\040\000R\000e\000f\000e\000r\000e\000n\000c\000e}{chapter.6}% 61
\BOOKMARK [2][-]{subsection.6.19.1}{\376\377\000D\000e\000t\000a\000i\000l\000e\000d\000\040\000D\000e\000s\000c\000r\000i\000p\000t\000i\000o\000n}{section.6.19}% 62
\BOOKMARK [1][-]{section.6.20}{\376\377\000p\000t\000h\000r\000e\000a\000d\000\137\000s\000t\000r\000u\000c\000t\000\040\000S\000t\000r\000u\000c\000t\000\040\000R\000e\000f\000e\000r\000e\000n\000c\000e}{chapter.6}% 63
\BOOKMARK [2][-]{subsection.6.20.1}{\376\377\000D\000e\000t\000a\000i\000l\000e\000d\000\040\000D\000e\000s\000c\000r\000i\000p\000t\000i\000o\000n}{section.6.20}% 64
\BOOKMARK [1][-]{section.6.21}{\376\377\000v\000\137\000t\000o\000k\000e\000n\000\137\000d\000a\000t\000a\000\040\000U\000n\000i\000o\000n\000\040\000R\000e\000f\000e\000r\000e\000n\000c\000e}{chapter.6}% 65
\BOOKMARK [2][-]{subsection.6.21.1}{\376\377\000D\000e\000t\000a\000i\000l\000e\000d\000\040\000D\000e\000s\000c\000r\000i\000p\000t\000i\000o\000n}{section.6.21}% 66
\BOOKMARK [1][-]{section.6.22}{\376\377\000v\000a\000r\000i\000a\000b\000l\000e\000\137\000t\000o\000k\000e\000n\000\040\000S\000t\000r\000u\000c\000t\000\040\000R\000e\000f\000e\000r\000e\000n\000c\000e}{chapter.6}% 67
\BOOKMARK [2][-]{subsection.6.22.1}{\376\377\000D\000e\000t\000a\000i\000l\000e\000d\000\040\000D\000e\000s\000c\000r\000i\000p\000t\000i\000o\000n}{section.6.22}% 68
\BOOKMARK [1][-]{section.6.23}{\376\377\000y\000y\000\137\000b\000u\000f\000f\000e\000r\000\137\000s\000t\000a\000t\000e\000\040\000S\000t\000r\000u\000c\000t\000\040\000R\000e\000f\000e\000r\000e\000n\000c\000e}{chapter.6}% 69
\BOOKMARK [2][-]{subsection.6.23.1}{\376\377\000F\000i\000e\000l\000d\000\040\000D\000o\000c\000u\000m\000e\000n\000t\000a\000t\000i\000o\000n}{section.6.23}% 70
\BOOKMARK [3][-]{subsubsection.6.23.1.1}{\376\377\000y\000y\000\137\000b\000s\000\137\000c\000o\000l\000u\000m\000n}{subsection.6.23.1}% 71
\BOOKMARK [3][-]{subsubsection.6.23.1.2}{\376\377\000y\000y\000\137\000b\000s\000\137\000l\000i\000n\000e\000n\000o}{subsection.6.23.1}% 72
\BOOKMARK [1][-]{section.6.24}{\376\377\000y\000y\000\137\000t\000r\000a\000n\000s\000\137\000i\000n\000f\000o\000\040\000S\000t\000r\000u\000c\000t\000\040\000R\000e\000f\000e\000r\000e\000n\000c\000e}{chapter.6}% 73
\BOOKMARK [1][-]{section.6.25}{\376\377\000y\000y\000g\000u\000t\000s\000\137\000t\000\040\000S\000t\000r\000u\000c\000t\000\040\000R\000e\000f\000e\000r\000e\000n\000c\000e}{chapter.6}% 74
\BOOKMARK [2][-]{subsection.6.25.1}{\376\377\000F\000i\000e\000l\000d\000\040\000D\000o\000c\000u\000m\000e\000n\000t\000a\000t\000i\000o\000n}{section.6.25}% 75
\BOOKMARK [3][-]{subsubsection.6.25.1.1}{\376\377\000y\000y\000\137\000b\000u\000f\000f\000e\000r\000\137\000s\000t\000a\000c\000k}{subsection.6.25.1}% 76
\BOOKMARK [3][-]{subsubsection.6.25.1.2}{\376\377\000y\000y\000\137\000b\000u\000f\000f\000e\000r\000\137\000s\000t\000a\000c\000k\000\137\000m\000a\000x}{subsection.6.25.1}% 77
\BOOKMARK [3][-]{subsubsection.6.25.1.3}{\376\377\000y\000y\000\137\000b\000u\000f\000f\000e\000r\000\137\000s\000t\000a\000c\000k\000\137\000t\000o\000p}{subsection.6.25.1}% 78
\BOOKMARK [1][-]{section.6.26}{\376\377\000Y\000Y\000M\000I\000N\000O\000R\000T\000Y\000P\000E\000\040\000U\000n\000i\000o\000n\000\040\000R\000e\000f\000e\000r\000e\000n\000c\000e}{chapter.6}% 79
\BOOKMARK [1][-]{section.6.27}{\376\377\000y\000y\000P\000a\000r\000s\000e\000r\000\040\000S\000t\000r\000u\000c\000t\000\040\000R\000e\000f\000e\000r\000e\000n\000c\000e}{chapter.6}% 80
\BOOKMARK [1][-]{section.6.28}{\376\377\000y\000y\000S\000t\000a\000c\000k\000E\000n\000t\000r\000y\000\040\000S\000t\000r\000u\000c\000t\000\040\000R\000e\000f\000e\000r\000e\000n\000c\000e}{chapter.6}% 81
\BOOKMARK [0][-]{chapter.7}{\376\377\000F\000i\000l\000e\000\040\000D\000o\000c\000u\000m\000e\000n\000t\000a\000t\000i\000o\000n}{}% 82
\BOOKMARK [1][-]{section.7.1}{\376\377\000D\000S\000D\000e\000s\000i\000g\000n\000S\000p\000a\000c\000e\000.\000c\000\040\000F\000i\000l\000e\000\040\000R\000e\000f\000e\000r\000e\000n\000c\000e}{chapter.7}% 83
\BOOKMARK [2][-]{subsection.7.1.1}{\376\377\000D\000e\000t\000a\000i\000l\000e\000d\000\040\000D\000e\000s\000c\000r\000i\000p\000t\000i\000o\000n}{section.7.1}% 84
\BOOKMARK [1][-]{section.7.2}{\376\377\000D\000S\000D\000e\000s\000i\000g\000n\000S\000p\000a\000c\000e\000.\000h\000\040\000F\000i\000l\000e\000\040\000R\000e\000f\000e\000r\000e\000n\000c\000e}{chapter.7}% 85
\BOOKMARK [2][-]{subsection.7.2.1}{\376\377\000D\000e\000t\000a\000i\000l\000e\000d\000\040\000D\000e\000s\000c\000r\000i\000p\000t\000i\000o\000n}{section.7.2}% 86
\BOOKMARK [1][-]{section.7.3}{\376\377\000D\000S\000D\000e\000s\000i\000g\000n\000S\000p\000a\000c\000e\000P\000a\000r\000a\000l\000l\000e\000l\000.\000c\000\040\000F\000i\000l\000e\000\040\000R\000e\000f\000e\000r\000e\000n\000c\000e}{chapter.7}% 87
\BOOKMARK [2][-]{subsection.7.3.1}{\376\377\000D\000e\000t\000a\000i\000l\000e\000d\000\040\000D\000e\000s\000c\000r\000i\000p\000t\000i\000o\000n}{section.7.3}% 88
\BOOKMARK [1][-]{section.7.4}{\376\377\000D\000S\000D\000e\000s\000i\000g\000n\000S\000p\000a\000c\000e\000P\000a\000r\000a\000l\000l\000e\000l\000.\000h\000\040\000F\000i\000l\000e\000\040\000R\000e\000f\000e\000r\000e\000n\000c\000e}{chapter.7}% 89
\BOOKMARK [2][-]{subsection.7.4.1}{\376\377\000D\000e\000t\000a\000i\000l\000e\000d\000\040\000D\000e\000s\000c\000r\000i\000p\000t\000i\000o\000n}{section.7.4}% 90
\BOOKMARK [1][-]{section.7.5}{\376\377\000D\000S\000E\000r\000r\000o\000r\000s\000.\000c\000\040\000F\000i\000l\000e\000\040\000R\000e\000f\000e\000r\000e\000n\000c\000e}{chapter.7}% 91
\BOOKMARK [2][-]{subsection.7.5.1}{\376\377\000D\000e\000t\000a\000i\000l\000e\000d\000\040\000D\000e\000s\000c\000r\000i\000p\000t\000i\000o\000n}{section.7.5}% 92
\BOOKMARK [2][-]{subsection.7.5.2}{\376\377\000D\000e\000f\000i\000n\000e\000\040\000D\000o\000c\000u\000m\000e\000n\000t\000a\000t\000i\000o\000n}{section.7.5}% 93
\BOOKMARK [3][-]{subsubsection.7.5.2.1}{\376\377\000M\000S\000I\000Z\000E}{subsection.7.5.2}% 94
\BOOKMARK [3][-]{subsubsection.7.5.2.2}{\376\377\000S\000T\000A\000C\000K\000\137\000T\000R\000A\000C\000E\000\137\000N\000U\000M}{subsection.7.5.2}% 95
\BOOKMARK [2][-]{subsection.7.5.3}{\376\377\000F\000u\000n\000c\000t\000i\000o\000n\000\040\000D\000o\000c\000u\000m\000e\000n\000t\000a\000t\000i\000o\000n}{section.7.5}% 96
\BOOKMARK [3][-]{subsubsection.7.5.3.1}{\376\377\000D\000S\000E\000r\000r\000o\000r\000F\000u\000n\000c\000t\000i\000o\000n}{subsection.7.5.3}% 97
\BOOKMARK [1][-]{section.7.6}{\376\377\000D\000S\000E\000r\000r\000o\000r\000s\000.\000h\000\040\000F\000i\000l\000e\000\040\000R\000e\000f\000e\000r\000e\000n\000c\000e}{chapter.7}% 98
\BOOKMARK [2][-]{subsection.7.6.1}{\376\377\000D\000e\000t\000a\000i\000l\000e\000d\000\040\000D\000e\000s\000c\000r\000i\000p\000t\000i\000o\000n}{section.7.6}% 99
\BOOKMARK [2][-]{subsection.7.6.2}{\376\377\000D\000e\000f\000i\000n\000e\000\040\000D\000o\000c\000u\000m\000e\000n\000t\000a\000t\000i\000o\000n}{section.7.6}% 100
\BOOKMARK [3][-]{subsubsection.7.6.2.1}{\376\377\000D\000S\000E\000r\000r\000o\000r}{subsection.7.6.2}% 101
\BOOKMARK [2][-]{subsection.7.6.3}{\376\377\000F\000u\000n\000c\000t\000i\000o\000n\000\040\000D\000o\000c\000u\000m\000e\000n\000t\000a\000t\000i\000o\000n}{section.7.6}% 102
\BOOKMARK [3][-]{subsubsection.7.6.3.1}{\376\377\000D\000S\000E\000r\000r\000o\000r\000F\000u\000n\000c\000t\000i\000o\000n}{subsection.7.6.3}% 103
\BOOKMARK [1][-]{section.7.7}{\376\377\000D\000S\000E\000x\000p\000r\000e\000s\000s\000i\000o\000n\000.\000c\000\040\000F\000i\000l\000e\000\040\000R\000e\000f\000e\000r\000e\000n\000c\000e}{chapter.7}% 104
\BOOKMARK [2][-]{subsection.7.7.1}{\376\377\000D\000e\000t\000a\000i\000l\000e\000d\000\040\000D\000e\000s\000c\000r\000i\000p\000t\000i\000o\000n}{section.7.7}% 105
\BOOKMARK [1][-]{section.7.8}{\376\377\000D\000S\000E\000x\000p\000r\000e\000s\000s\000i\000o\000n\000.\000h\000\040\000F\000i\000l\000e\000\040\000R\000e\000f\000e\000r\000e\000n\000c\000e}{chapter.7}% 106
\BOOKMARK [2][-]{subsection.7.8.1}{\376\377\000D\000e\000t\000a\000i\000l\000e\000d\000\040\000D\000e\000s\000c\000r\000i\000p\000t\000i\000o\000n}{section.7.8}% 107
\BOOKMARK [1][-]{section.7.9}{\376\377\000D\000S\000E\000x\000p\000r\000e\000s\000s\000i\000o\000n\000T\000o\000k\000e\000n\000i\000z\000e\000r\000L\000e\000x\000.\000c\000\040\000F\000i\000l\000e\000\040\000R\000e\000f\000e\000r\000e\000n\000c\000e}{chapter.7}% 108
\BOOKMARK [2][-]{subsection.7.9.1}{\376\377\000D\000e\000t\000a\000i\000l\000e\000d\000\040\000D\000e\000s\000c\000r\000i\000p\000t\000i\000o\000n}{section.7.9}% 109
\BOOKMARK [2][-]{subsection.7.9.2}{\376\377\000D\000e\000f\000i\000n\000e\000\040\000D\000o\000c\000u\000m\000e\000n\000t\000a\000t\000i\000o\000n}{section.7.9}% 110
\BOOKMARK [3][-]{subsubsection.7.9.2.1}{\376\377\000Y\000Y\000\137\000C\000U\000R\000R\000E\000N\000T\000\137\000B\000U\000F\000F\000E\000R}{subsection.7.9.2}% 111
\BOOKMARK [3][-]{subsubsection.7.9.2.2}{\376\377\000Y\000Y\000\137\000D\000O\000\137\000B\000E\000F\000O\000R\000E\000\137\000A\000C\000T\000I\000O\000N}{subsection.7.9.2}% 112
\BOOKMARK [3][-]{subsubsection.7.9.2.3}{\376\377\000Y\000Y\000\137\000I\000N\000P\000U\000T}{subsection.7.9.2}% 113
\BOOKMARK [3][-]{subsubsection.7.9.2.4}{\376\377\000y\000y\000\137\000s\000e\000t\000\137\000b\000o\000l}{subsection.7.9.2}% 114
\BOOKMARK [3][-]{subsubsection.7.9.2.5}{\376\377\000y\000y\000\137\000s\000e\000t\000\137\000i\000n\000t\000e\000r\000a\000c\000t\000i\000v\000e}{subsection.7.9.2}% 115
\BOOKMARK [3][-]{subsubsection.7.9.2.6}{\376\377\000y\000y\000l\000e\000s\000s}{subsection.7.9.2}% 116
\BOOKMARK [3][-]{subsubsection.7.9.2.7}{\376\377\000y\000y\000l\000e\000s\000s}{subsection.7.9.2}% 117
\BOOKMARK [2][-]{subsection.7.9.3}{\376\377\000F\000u\000n\000c\000t\000i\000o\000n\000\040\000D\000o\000c\000u\000m\000e\000n\000t\000a\000t\000i\000o\000n}{section.7.9}% 118
\BOOKMARK [3][-]{subsubsection.7.9.3.1}{\376\377\000D\000S\000E\000x\000p\000r\000e\000s\000s\000i\000o\000n\000F\000l\000e\000x\000\137\000f\000l\000u\000s\000h\000\137\000b\000u\000f\000f\000e\000r}{subsection.7.9.3}% 119
\BOOKMARK [3][-]{subsubsection.7.9.3.2}{\376\377\000D\000S\000E\000x\000p\000r\000e\000s\000s\000i\000o\000n\000F\000l\000e\000x\000\137\000s\000c\000a\000n\000\137\000b\000u\000f\000f\000e\000r}{subsection.7.9.3}% 120
\BOOKMARK [3][-]{subsubsection.7.9.3.3}{\376\377\000D\000S\000E\000x\000p\000r\000e\000s\000s\000i\000o\000n\000F\000l\000e\000x\000\137\000s\000c\000a\000n\000\137\000b\000y\000t\000e\000s}{subsection.7.9.3}% 121
\BOOKMARK [3][-]{subsubsection.7.9.3.4}{\376\377\000D\000S\000E\000x\000p\000r\000e\000s\000s\000i\000o\000n\000F\000l\000e\000x\000\137\000s\000c\000a\000n\000\137\000s\000t\000r\000i\000n\000g}{subsection.7.9.3}% 122
\BOOKMARK [3][-]{subsubsection.7.9.3.5}{\376\377\000D\000S\000E\000x\000p\000r\000e\000s\000s\000i\000o\000n\000F\000l\000e\000x\000g\000e\000t\000\137\000c\000o\000l\000u\000m\000n}{subsection.7.9.3}% 123
\BOOKMARK [3][-]{subsubsection.7.9.3.6}{\376\377\000D\000S\000E\000x\000p\000r\000e\000s\000s\000i\000o\000n\000F\000l\000e\000x\000g\000e\000t\000\137\000e\000x\000t\000r\000a}{subsection.7.9.3}% 124
\BOOKMARK [3][-]{subsubsection.7.9.3.7}{\376\377\000D\000S\000E\000x\000p\000r\000e\000s\000s\000i\000o\000n\000F\000l\000e\000x\000g\000e\000t\000\137\000i\000n}{subsection.7.9.3}% 125
\BOOKMARK [3][-]{subsubsection.7.9.3.8}{\376\377\000D\000S\000E\000x\000p\000r\000e\000s\000s\000i\000o\000n\000F\000l\000e\000x\000g\000e\000t\000\137\000l\000e\000n\000g}{subsection.7.9.3}% 126
\BOOKMARK [3][-]{subsubsection.7.9.3.9}{\376\377\000D\000S\000E\000x\000p\000r\000e\000s\000s\000i\000o\000n\000F\000l\000e\000x\000g\000e\000t\000\137\000l\000i\000n\000e\000n\000o}{subsection.7.9.3}% 127
\BOOKMARK [3][-]{subsubsection.7.9.3.10}{\376\377\000D\000S\000E\000x\000p\000r\000e\000s\000s\000i\000o\000n\000F\000l\000e\000x\000g\000e\000t\000\137\000o\000u\000t}{subsection.7.9.3}% 128
\BOOKMARK [3][-]{subsubsection.7.9.3.11}{\376\377\000D\000S\000E\000x\000p\000r\000e\000s\000s\000i\000o\000n\000F\000l\000e\000x\000g\000e\000t\000\137\000t\000e\000x\000t}{subsection.7.9.3}% 129
\BOOKMARK [3][-]{subsubsection.7.9.3.12}{\376\377\000D\000S\000E\000x\000p\000r\000e\000s\000s\000i\000o\000n\000F\000l\000e\000x\000p\000o\000p\000\137\000b\000u\000f\000f\000e\000r\000\137\000s\000t\000a\000t\000e}{subsection.7.9.3}% 130
\BOOKMARK [3][-]{subsubsection.7.9.3.13}{\376\377\000D\000S\000E\000x\000p\000r\000e\000s\000s\000i\000o\000n\000F\000l\000e\000x\000p\000u\000s\000h\000\137\000b\000u\000f\000f\000e\000r\000\137\000s\000t\000a\000t\000e}{subsection.7.9.3}% 131
\BOOKMARK [3][-]{subsubsection.7.9.3.14}{\376\377\000D\000S\000E\000x\000p\000r\000e\000s\000s\000i\000o\000n\000F\000l\000e\000x\000s\000e\000t\000\137\000c\000o\000l\000u\000m\000n}{subsection.7.9.3}% 132
\BOOKMARK [3][-]{subsubsection.7.9.3.15}{\376\377\000D\000S\000E\000x\000p\000r\000e\000s\000s\000i\000o\000n\000F\000l\000e\000x\000s\000e\000t\000\137\000e\000x\000t\000r\000a}{subsection.7.9.3}% 133
\BOOKMARK [3][-]{subsubsection.7.9.3.16}{\376\377\000D\000S\000E\000x\000p\000r\000e\000s\000s\000i\000o\000n\000F\000l\000e\000x\000s\000e\000t\000\137\000i\000n}{subsection.7.9.3}% 134
\BOOKMARK [3][-]{subsubsection.7.9.3.17}{\376\377\000D\000S\000E\000x\000p\000r\000e\000s\000s\000i\000o\000n\000F\000l\000e\000x\000s\000e\000t\000\137\000l\000i\000n\000e\000n\000o}{subsection.7.9.3}% 135
\BOOKMARK [1][-]{section.7.10}{\376\377\000D\000S\000G\000M\000A\000S\000y\000s\000t\000e\000m\000.\000c\000\040\000F\000i\000l\000e\000\040\000R\000e\000f\000e\000r\000e\000n\000c\000e}{chapter.7}% 136
\BOOKMARK [2][-]{subsection.7.10.1}{\376\377\000D\000e\000t\000a\000i\000l\000e\000d\000\040\000D\000e\000s\000c\000r\000i\000p\000t\000i\000o\000n}{section.7.10}% 137
\BOOKMARK [1][-]{section.7.11}{\376\377\000D\000S\000G\000M\000A\000S\000y\000s\000t\000e\000m\000.\000h\000\040\000F\000i\000l\000e\000\040\000R\000e\000f\000e\000r\000e\000n\000c\000e}{chapter.7}% 138
\BOOKMARK [2][-]{subsection.7.11.1}{\376\377\000D\000e\000t\000a\000i\000l\000e\000d\000\040\000D\000e\000s\000c\000r\000i\000p\000t\000i\000o\000n}{section.7.11}% 139
\BOOKMARK [1][-]{section.7.12}{\376\377\000D\000S\000G\000M\000A\000S\000y\000s\000t\000e\000m\000P\000a\000r\000s\000i\000n\000g\000A\000u\000x\000.\000h\000\040\000F\000i\000l\000e\000\040\000R\000e\000f\000e\000r\000e\000n\000c\000e}{chapter.7}% 140
\BOOKMARK [2][-]{subsection.7.12.1}{\376\377\000D\000e\000t\000a\000i\000l\000e\000d\000\040\000D\000e\000s\000c\000r\000i\000p\000t\000i\000o\000n}{section.7.12}% 141
\BOOKMARK [2][-]{subsection.7.12.2}{\376\377\000T\000y\000p\000e\000d\000e\000f\000\040\000D\000o\000c\000u\000m\000e\000n\000t\000a\000t\000i\000o\000n}{section.7.12}% 142
\BOOKMARK [3][-]{subsubsection.7.12.2.1}{\376\377\000g\000m\000a\000\137\000p\000a\000r\000s\000e\000r\000a\000u\000x\000\137\000t}{subsection.7.12.2}% 143
\BOOKMARK [1][-]{section.7.13}{\376\377\000D\000S\000I\000O\000.\000c\000\040\000F\000i\000l\000e\000\040\000R\000e\000f\000e\000r\000e\000n\000c\000e}{chapter.7}% 144
\BOOKMARK [2][-]{subsection.7.13.1}{\376\377\000D\000e\000t\000a\000i\000l\000e\000d\000\040\000D\000e\000s\000c\000r\000i\000p\000t\000i\000o\000n}{section.7.13}% 145
\BOOKMARK [2][-]{subsection.7.13.2}{\376\377\000F\000u\000n\000c\000t\000i\000o\000n\000\040\000D\000o\000c\000u\000m\000e\000n\000t\000a\000t\000i\000o\000n}{section.7.13}% 146
\BOOKMARK [3][-]{subsubsection.7.13.2.1}{\376\377\000D\000S\000C\000a\000s\000e\000S\000t\000r\000i\000n\000g\000I\000n\000J\000S\000O\000N\000F\000o\000r\000m\000a\000t}{subsection.7.13.2}% 147
\BOOKMARK [3][-]{subsubsection.7.13.2.2}{\376\377\000D\000S\000I\000O\000S\000e\000t\000C\000a\000s\000e\000J\000S\000O\000N\000O\000p\000t\000i\000o\000n\000s}{subsection.7.13.2}% 148
\BOOKMARK [3][-]{subsubsection.7.13.2.3}{\376\377\000D\000S\000I\000O\000S\000e\000t\000E\000r\000r\000o\000r\000F\000i\000l\000e}{subsection.7.13.2}% 149
\BOOKMARK [3][-]{subsubsection.7.13.2.4}{\376\377\000D\000S\000I\000O\000S\000e\000t\000P\000o\000s\000t\000E\000r\000r\000o\000r\000F\000u\000n\000c\000t\000i\000o\000n}{subsection.7.13.2}% 150
\BOOKMARK [3][-]{subsubsection.7.13.2.5}{\376\377\000D\000S\000I\000O\000S\000e\000t\000P\000o\000s\000t\000F\000a\000t\000a\000l\000E\000r\000r\000o\000r\000F\000u\000n\000c\000t\000i\000o\000n}{subsection.7.13.2}% 151
\BOOKMARK [3][-]{subsubsection.7.13.2.6}{\376\377\000D\000S\000I\000O\000S\000e\000t\000P\000o\000s\000t\000W\000a\000r\000n\000i\000n\000g\000F\000u\000n\000c\000t\000i\000o\000n}{subsection.7.13.2}% 152
\BOOKMARK [3][-]{subsubsection.7.13.2.7}{\376\377\000D\000S\000I\000O\000S\000e\000t\000P\000r\000i\000n\000t\000F\000u\000n\000c\000t\000i\000o\000n}{subsection.7.13.2}% 153
\BOOKMARK [3][-]{subsubsection.7.13.2.8}{\376\377\000D\000S\000I\000O\000S\000e\000t\000S\000S\000y\000s\000t\000e\000m\000J\000S\000O\000N\000O\000p\000t\000i\000o\000n\000s}{subsection.7.13.2}% 154
\BOOKMARK [3][-]{subsubsection.7.13.2.9}{\376\377\000D\000S\000M\000a\000t\000r\000i\000x\000A\000r\000r\000a\000y\000S\000t\000r\000i\000n\000g\000I\000n\000J\000S\000O\000N\000F\000o\000r\000m\000a\000t}{subsection.7.13.2}% 155
\BOOKMARK [3][-]{subsubsection.7.13.2.10}{\376\377\000D\000S\000M\000a\000t\000r\000i\000x\000S\000t\000r\000i\000n\000g\000I\000n\000J\000S\000O\000N\000F\000o\000r\000m\000a\000t}{subsection.7.13.2}% 156
\BOOKMARK [3][-]{subsubsection.7.13.2.11}{\376\377\000D\000S\000S\000S\000y\000s\000t\000e\000m\000S\000t\000r\000i\000n\000g\000I\000n\000J\000S\000O\000N\000F\000o\000r\000m\000a\000t}{subsection.7.13.2}% 157
\BOOKMARK [3][-]{subsubsection.7.13.2.12}{\376\377\000D\000S\000V\000a\000r\000i\000a\000b\000l\000e\000P\000o\000o\000l\000S\000t\000r\000i\000n\000g\000I\000n\000J\000S\000O\000N\000F\000o\000r\000m\000a\000t}{subsection.7.13.2}% 158
\BOOKMARK [2][-]{subsection.7.13.3}{\376\377\000V\000a\000r\000i\000a\000b\000l\000e\000\040\000D\000o\000c\000u\000m\000e\000n\000t\000a\000t\000i\000o\000n}{section.7.13}% 159
\BOOKMARK [3][-]{subsubsection.7.13.3.1}{\376\377\000D\000S\000C\000a\000s\000e\000P\000r\000i\000n\000t\000i\000n\000g\000O\000p\000t\000i\000o\000n\000s}{subsection.7.13.3}% 160
\BOOKMARK [3][-]{subsubsection.7.13.3.2}{\376\377\000D\000S\000S\000S\000y\000s\000t\000e\000m\000P\000r\000i\000n\000t\000i\000n\000g\000O\000p\000t\000i\000o\000n\000s}{subsection.7.13.3}% 161
\BOOKMARK [1][-]{section.7.14}{\376\377\000D\000S\000I\000O\000.\000h\000\040\000F\000i\000l\000e\000\040\000R\000e\000f\000e\000r\000e\000n\000c\000e}{chapter.7}% 162
\BOOKMARK [2][-]{subsection.7.14.1}{\376\377\000D\000e\000t\000a\000i\000l\000e\000d\000\040\000D\000e\000s\000c\000r\000i\000p\000t\000i\000o\000n}{section.7.14}% 163
\BOOKMARK [2][-]{subsection.7.14.2}{\376\377\000F\000u\000n\000c\000t\000i\000o\000n\000\040\000D\000o\000c\000u\000m\000e\000n\000t\000a\000t\000i\000o\000n}{section.7.14}% 164
\BOOKMARK [3][-]{subsubsection.7.14.2.1}{\376\377\000D\000S\000C\000a\000s\000e\000S\000t\000r\000i\000n\000g\000I\000n\000J\000S\000O\000N\000F\000o\000r\000m\000a\000t}{subsection.7.14.2}% 165
\BOOKMARK [3][-]{subsubsection.7.14.2.2}{\376\377\000D\000S\000I\000O\000S\000e\000t\000C\000a\000s\000e\000J\000S\000O\000N\000O\000p\000t\000i\000o\000n\000s}{subsection.7.14.2}% 166
\BOOKMARK [3][-]{subsubsection.7.14.2.3}{\376\377\000D\000S\000I\000O\000S\000e\000t\000E\000r\000r\000o\000r\000F\000i\000l\000e}{subsection.7.14.2}% 167
\BOOKMARK [3][-]{subsubsection.7.14.2.4}{\376\377\000D\000S\000I\000O\000S\000e\000t\000P\000o\000s\000t\000E\000r\000r\000o\000r\000F\000u\000n\000c\000t\000i\000o\000n}{subsection.7.14.2}% 168
\BOOKMARK [3][-]{subsubsection.7.14.2.5}{\376\377\000D\000S\000I\000O\000S\000e\000t\000P\000o\000s\000t\000F\000a\000t\000a\000l\000E\000r\000r\000o\000r\000F\000u\000n\000c\000t\000i\000o\000n}{subsection.7.14.2}% 169
\BOOKMARK [3][-]{subsubsection.7.14.2.6}{\376\377\000D\000S\000I\000O\000S\000e\000t\000P\000o\000s\000t\000W\000a\000r\000n\000i\000n\000g\000F\000u\000n\000c\000t\000i\000o\000n}{subsection.7.14.2}% 170
\BOOKMARK [3][-]{subsubsection.7.14.2.7}{\376\377\000D\000S\000I\000O\000S\000e\000t\000P\000r\000i\000n\000t\000F\000u\000n\000c\000t\000i\000o\000n}{subsection.7.14.2}% 171
\BOOKMARK [3][-]{subsubsection.7.14.2.8}{\376\377\000D\000S\000I\000O\000S\000e\000t\000S\000S\000y\000s\000t\000e\000m\000J\000S\000O\000N\000O\000p\000t\000i\000o\000n\000s}{subsection.7.14.2}% 172
\BOOKMARK [3][-]{subsubsection.7.14.2.9}{\376\377\000D\000S\000M\000a\000t\000r\000i\000x\000A\000r\000r\000a\000y\000S\000t\000r\000i\000n\000g\000I\000n\000J\000S\000O\000N\000F\000o\000r\000m\000a\000t}{subsection.7.14.2}% 173
\BOOKMARK [3][-]{subsubsection.7.14.2.10}{\376\377\000D\000S\000M\000a\000t\000r\000i\000x\000S\000t\000r\000i\000n\000g\000I\000n\000J\000S\000O\000N\000F\000o\000r\000m\000a\000t}{subsection.7.14.2}% 174
\BOOKMARK [3][-]{subsubsection.7.14.2.11}{\376\377\000D\000S\000S\000S\000y\000s\000t\000e\000m\000S\000t\000r\000i\000n\000g\000I\000n\000J\000S\000O\000N\000F\000o\000r\000m\000a\000t}{subsection.7.14.2}% 175
\BOOKMARK [3][-]{subsubsection.7.14.2.12}{\376\377\000D\000S\000V\000a\000r\000i\000a\000b\000l\000e\000P\000o\000o\000l\000S\000t\000r\000i\000n\000g\000I\000n\000J\000S\000O\000N\000F\000o\000r\000m\000a\000t}{subsection.7.14.2}% 176
\BOOKMARK [2][-]{subsection.7.14.3}{\376\377\000V\000a\000r\000i\000a\000b\000l\000e\000\040\000D\000o\000c\000u\000m\000e\000n\000t\000a\000t\000i\000o\000n}{section.7.14}% 177
\BOOKMARK [3][-]{subsubsection.7.14.3.1}{\376\377\000D\000S\000I\000O\000E\000r\000r\000o\000r\000F\000i\000l\000e}{subsection.7.14.3}% 178
\BOOKMARK [3][-]{subsubsection.7.14.3.2}{\376\377\000D\000S\000P\000o\000s\000t\000E\000r\000r\000o\000r}{subsection.7.14.3}% 179
\BOOKMARK [3][-]{subsubsection.7.14.3.3}{\376\377\000D\000S\000P\000o\000s\000t\000F\000a\000t\000a\000l\000E\000r\000r\000o\000r}{subsection.7.14.3}% 180
\BOOKMARK [3][-]{subsubsection.7.14.3.4}{\376\377\000D\000S\000P\000o\000s\000t\000W\000a\000r\000n\000i\000n\000g}{subsection.7.14.3}% 181
\BOOKMARK [3][-]{subsubsection.7.14.3.5}{\376\377\000D\000S\000P\000r\000i\000n\000t\000f}{subsection.7.14.3}% 182
\BOOKMARK [1][-]{section.7.15}{\376\377\000D\000S\000M\000a\000t\000r\000i\000x\000.\000h\000\040\000F\000i\000l\000e\000\040\000R\000e\000f\000e\000r\000e\000n\000c\000e}{chapter.7}% 183
\BOOKMARK [2][-]{subsection.7.15.1}{\376\377\000D\000e\000t\000a\000i\000l\000e\000d\000\040\000D\000e\000s\000c\000r\000i\000p\000t\000i\000o\000n}{section.7.15}% 184
\BOOKMARK [2][-]{subsection.7.15.2}{\376\377\000F\000u\000n\000c\000t\000i\000o\000n\000\040\000D\000o\000c\000u\000m\000e\000n\000t\000a\000t\000i\000o\000n}{section.7.15}% 185
\BOOKMARK [3][-]{subsubsection.7.15.2.1}{\376\377\000D\000S\000M\000a\000t\000r\000i\000x\000A\000l\000l\000o\000c}{subsection.7.15.2}% 186
\BOOKMARK [3][-]{subsubsection.7.15.2.2}{\376\377\000D\000S\000M\000a\000t\000r\000i\000x\000B\000y\000A\000d\000d\000i\000n\000g\000M\000a\000t\000r\000i\000x}{subsection.7.15.2}% 187
\BOOKMARK [3][-]{subsubsection.7.15.2.3}{\376\377\000D\000S\000M\000a\000t\000r\000i\000x\000B\000y\000P\000a\000r\000s\000i\000n\000g\000S\000t\000r\000i\000n\000g}{subsection.7.15.2}% 188
\BOOKMARK [3][-]{subsubsection.7.15.2.4}{\376\377\000D\000S\000M\000a\000t\000r\000i\000x\000B\000y\000S\000u\000b\000s\000t\000r\000a\000c\000t\000i\000n\000g\000M\000a\000t\000r\000i\000x}{subsection.7.15.2}% 189
\BOOKMARK [3][-]{subsubsection.7.15.2.5}{\376\377\000D\000S\000M\000a\000t\000r\000i\000x\000C\000a\000l\000l\000o\000c}{subsection.7.15.2}% 190
\BOOKMARK [3][-]{subsubsection.7.15.2.6}{\376\377\000D\000S\000M\000a\000t\000r\000i\000x\000C\000o\000p\000y}{subsection.7.15.2}% 191
\BOOKMARK [3][-]{subsubsection.7.15.2.7}{\376\377\000D\000S\000M\000a\000t\000r\000i\000x\000D\000o\000u\000b\000l\000e\000V\000a\000l\000u\000e}{subsection.7.15.2}% 192
\BOOKMARK [3][-]{subsubsection.7.15.2.8}{\376\377\000D\000S\000M\000a\000t\000r\000i\000x\000F\000r\000e\000e}{subsection.7.15.2}% 193
\BOOKMARK [3][-]{subsubsection.7.15.2.9}{\376\377\000D\000S\000M\000a\000t\000r\000i\000x\000I\000d\000e\000n\000t\000i\000t\000y}{subsection.7.15.2}% 194
\BOOKMARK [3][-]{subsubsection.7.15.2.10}{\376\377\000D\000S\000M\000a\000t\000r\000i\000x\000P\000L\000U\000D\000e\000c\000o\000m\000p\000o\000s\000i\000t\000i\000o\000n}{subsection.7.15.2}% 195
\BOOKMARK [3][-]{subsubsection.7.15.2.11}{\376\377\000D\000S\000M\000a\000t\000r\000i\000x\000R\000a\000n\000d\000o\000m\000N\000u\000m\000b\000e\000r\000s}{subsection.7.15.2}% 196
\BOOKMARK [3][-]{subsubsection.7.15.2.12}{\376\377\000D\000S\000M\000a\000t\000r\000i\000x\000S\000e\000t\000D\000o\000u\000b\000l\000e\000V\000a\000l\000u\000e\000A\000l\000l}{subsection.7.15.2}% 197
\BOOKMARK [1][-]{section.7.16}{\376\377\000D\000S\000M\000a\000t\000r\000i\000x\000\137\000g\000s\000l\000.\000c\000\040\000F\000i\000l\000e\000\040\000R\000e\000f\000e\000r\000e\000n\000c\000e}{chapter.7}% 198
\BOOKMARK [2][-]{subsection.7.16.1}{\376\377\000D\000e\000t\000a\000i\000l\000e\000d\000\040\000D\000e\000s\000c\000r\000i\000p\000t\000i\000o\000n}{section.7.16}% 199
\BOOKMARK [2][-]{subsection.7.16.2}{\376\377\000F\000u\000n\000c\000t\000i\000o\000n\000\040\000D\000o\000c\000u\000m\000e\000n\000t\000a\000t\000i\000o\000n}{section.7.16}% 200
\BOOKMARK [3][-]{subsubsection.7.16.2.1}{\376\377\000D\000S\000M\000a\000t\000r\000i\000x\000A\000l\000l\000o\000c}{subsection.7.16.2}% 201
\BOOKMARK [3][-]{subsubsection.7.16.2.2}{\376\377\000D\000S\000M\000a\000t\000r\000i\000x\000B\000y\000A\000d\000d\000i\000n\000g\000M\000a\000t\000r\000i\000x}{subsection.7.16.2}% 202
\BOOKMARK [3][-]{subsubsection.7.16.2.3}{\376\377\000D\000S\000M\000a\000t\000r\000i\000x\000B\000y\000P\000a\000r\000s\000i\000n\000g\000S\000t\000r\000i\000n\000g}{subsection.7.16.2}% 203
\BOOKMARK [3][-]{subsubsection.7.16.2.4}{\376\377\000D\000S\000M\000a\000t\000r\000i\000x\000B\000y\000S\000u\000b\000s\000t\000r\000a\000c\000t\000i\000n\000g\000M\000a\000t\000r\000i\000x}{subsection.7.16.2}% 204
\BOOKMARK [3][-]{subsubsection.7.16.2.5}{\376\377\000D\000S\000M\000a\000t\000r\000i\000x\000C\000a\000l\000l\000o\000c}{subsection.7.16.2}% 205
\BOOKMARK [3][-]{subsubsection.7.16.2.6}{\376\377\000D\000S\000M\000a\000t\000r\000i\000x\000C\000o\000p\000y}{subsection.7.16.2}% 206
\BOOKMARK [3][-]{subsubsection.7.16.2.7}{\376\377\000D\000S\000M\000a\000t\000r\000i\000x\000D\000o\000u\000b\000l\000e\000V\000a\000l\000u\000e}{subsection.7.16.2}% 207
\BOOKMARK [3][-]{subsubsection.7.16.2.8}{\376\377\000D\000S\000M\000a\000t\000r\000i\000x\000F\000r\000e\000e}{subsection.7.16.2}% 208
\BOOKMARK [3][-]{subsubsection.7.16.2.9}{\376\377\000D\000S\000M\000a\000t\000r\000i\000x\000I\000d\000e\000n\000t\000i\000t\000y}{subsection.7.16.2}% 209
\BOOKMARK [3][-]{subsubsection.7.16.2.10}{\376\377\000D\000S\000M\000a\000t\000r\000i\000x\000P\000L\000U\000D\000e\000c\000o\000m\000p\000o\000s\000i\000t\000i\000o\000n}{subsection.7.16.2}% 210
\BOOKMARK [3][-]{subsubsection.7.16.2.11}{\376\377\000D\000S\000M\000a\000t\000r\000i\000x\000R\000a\000n\000d\000o\000m\000N\000u\000m\000b\000e\000r\000s}{subsection.7.16.2}% 211
\BOOKMARK [3][-]{subsubsection.7.16.2.12}{\376\377\000D\000S\000M\000a\000t\000r\000i\000x\000S\000e\000t\000D\000o\000u\000b\000l\000e\000V\000a\000l\000u\000e\000A\000l\000l}{subsection.7.16.2}% 212
\BOOKMARK [1][-]{section.7.17}{\376\377\000D\000S\000M\000a\000t\000r\000i\000x\000A\000r\000r\000a\000y\000.\000c\000\040\000F\000i\000l\000e\000\040\000R\000e\000f\000e\000r\000e\000n\000c\000e}{chapter.7}% 213
\BOOKMARK [2][-]{subsection.7.17.1}{\376\377\000D\000e\000t\000a\000i\000l\000e\000d\000\040\000D\000e\000s\000c\000r\000i\000p\000t\000i\000o\000n}{section.7.17}% 214
\BOOKMARK [2][-]{subsection.7.17.2}{\376\377\000F\000u\000n\000c\000t\000i\000o\000n\000\040\000D\000o\000c\000u\000m\000e\000n\000t\000a\000t\000i\000o\000n}{section.7.17}% 215
\BOOKMARK [3][-]{subsubsection.7.17.2.1}{\376\377\000D\000S\000M\000a\000t\000r\000i\000x\000A\000r\000r\000a\000y\000A\000d\000d\000M\000a\000t\000r\000i\000x}{subsection.7.17.2}% 216
\BOOKMARK [3][-]{subsubsection.7.17.2.2}{\376\377\000D\000S\000M\000a\000t\000r\000i\000x\000A\000r\000r\000a\000y\000A\000l\000l\000o\000c}{subsection.7.17.2}% 217
\BOOKMARK [3][-]{subsubsection.7.17.2.3}{\376\377\000D\000S\000M\000a\000t\000r\000i\000x\000A\000r\000r\000a\000y\000C\000o\000p\000y}{subsection.7.17.2}% 218
\BOOKMARK [3][-]{subsubsection.7.17.2.4}{\376\377\000D\000S\000M\000a\000t\000r\000i\000x\000A\000r\000r\000a\000y\000F\000r\000e\000e}{subsection.7.17.2}% 219
\BOOKMARK [3][-]{subsubsection.7.17.2.5}{\376\377\000D\000S\000M\000a\000t\000r\000i\000x\000A\000r\000r\000a\000y\000M\000a\000t\000r\000i\000x}{subsection.7.17.2}% 220
\BOOKMARK [1][-]{section.7.18}{\376\377\000D\000S\000M\000a\000t\000r\000i\000x\000A\000r\000r\000a\000y\000.\000h\000\040\000F\000i\000l\000e\000\040\000R\000e\000f\000e\000r\000e\000n\000c\000e}{chapter.7}% 221
\BOOKMARK [2][-]{subsection.7.18.1}{\376\377\000D\000e\000t\000a\000i\000l\000e\000d\000\040\000D\000e\000s\000c\000r\000i\000p\000t\000i\000o\000n}{section.7.18}% 222
\BOOKMARK [2][-]{subsection.7.18.2}{\376\377\000F\000u\000n\000c\000t\000i\000o\000n\000\040\000D\000o\000c\000u\000m\000e\000n\000t\000a\000t\000i\000o\000n}{section.7.18}% 223
\BOOKMARK [3][-]{subsubsection.7.18.2.1}{\376\377\000D\000S\000M\000a\000t\000r\000i\000x\000A\000r\000r\000a\000y\000A\000d\000d\000M\000a\000t\000r\000i\000x}{subsection.7.18.2}% 224
\BOOKMARK [3][-]{subsubsection.7.18.2.2}{\376\377\000D\000S\000M\000a\000t\000r\000i\000x\000A\000r\000r\000a\000y\000A\000l\000l\000o\000c}{subsection.7.18.2}% 225
\BOOKMARK [3][-]{subsubsection.7.18.2.3}{\376\377\000D\000S\000M\000a\000t\000r\000i\000x\000A\000r\000r\000a\000y\000C\000o\000p\000y}{subsection.7.18.2}% 226
\BOOKMARK [3][-]{subsubsection.7.18.2.4}{\376\377\000D\000S\000M\000a\000t\000r\000i\000x\000A\000r\000r\000a\000y\000F\000r\000e\000e}{subsection.7.18.2}% 227
\BOOKMARK [3][-]{subsubsection.7.18.2.5}{\376\377\000D\000S\000M\000a\000t\000r\000i\000x\000A\000r\000r\000a\000y\000M\000a\000t\000r\000i\000x}{subsection.7.18.2}% 228
\BOOKMARK [1][-]{section.7.19}{\376\377\000D\000S\000M\000a\000t\000r\000i\000x\000T\000o\000k\000e\000n\000i\000z\000e\000r\000.\000c\000\040\000F\000i\000l\000e\000\040\000R\000e\000f\000e\000r\000e\000n\000c\000e}{chapter.7}% 229
\BOOKMARK [2][-]{subsection.7.19.1}{\376\377\000D\000e\000t\000a\000i\000l\000e\000d\000\040\000D\000e\000s\000c\000r\000i\000p\000t\000i\000o\000n}{section.7.19}% 230
\BOOKMARK [1][-]{section.7.20}{\376\377\000D\000S\000M\000a\000t\000r\000i\000x\000T\000o\000k\000e\000n\000i\000z\000e\000r\000.\000h\000\040\000F\000i\000l\000e\000\040\000R\000e\000f\000e\000r\000e\000n\000c\000e}{chapter.7}% 231
\BOOKMARK [2][-]{subsection.7.20.1}{\376\377\000D\000e\000t\000a\000i\000l\000e\000d\000\040\000D\000e\000s\000c\000r\000i\000p\000t\000i\000o\000n}{section.7.20}% 232
\BOOKMARK [1][-]{section.7.21}{\376\377\000D\000S\000M\000a\000t\000r\000i\000x\000T\000o\000k\000e\000n\000i\000z\000e\000r\000L\000e\000x\000.\000c\000\040\000F\000i\000l\000e\000\040\000R\000e\000f\000e\000r\000e\000n\000c\000e}{chapter.7}% 233
\BOOKMARK [2][-]{subsection.7.21.1}{\376\377\000D\000e\000t\000a\000i\000l\000e\000d\000\040\000D\000e\000s\000c\000r\000i\000p\000t\000i\000o\000n}{section.7.21}% 234
\BOOKMARK [2][-]{subsection.7.21.2}{\376\377\000D\000e\000f\000i\000n\000e\000\040\000D\000o\000c\000u\000m\000e\000n\000t\000a\000t\000i\000o\000n}{section.7.21}% 235
\BOOKMARK [3][-]{subsubsection.7.21.2.1}{\376\377\000Y\000Y\000\137\000C\000U\000R\000R\000E\000N\000T\000\137\000B\000U\000F\000F\000E\000R}{subsection.7.21.2}% 236
\BOOKMARK [3][-]{subsubsection.7.21.2.2}{\376\377\000Y\000Y\000\137\000D\000O\000\137\000B\000E\000F\000O\000R\000E\000\137\000A\000C\000T\000I\000O\000N}{subsection.7.21.2}% 237
\BOOKMARK [3][-]{subsubsection.7.21.2.3}{\376\377\000Y\000Y\000\137\000I\000N\000P\000U\000T}{subsection.7.21.2}% 238
\BOOKMARK [3][-]{subsubsection.7.21.2.4}{\376\377\000y\000y\000\137\000s\000e\000t\000\137\000b\000o\000l}{subsection.7.21.2}% 239
\BOOKMARK [3][-]{subsubsection.7.21.2.5}{\376\377\000y\000y\000\137\000s\000e\000t\000\137\000i\000n\000t\000e\000r\000a\000c\000t\000i\000v\000e}{subsection.7.21.2}% 240
\BOOKMARK [3][-]{subsubsection.7.21.2.6}{\376\377\000y\000y\000l\000e\000s\000s}{subsection.7.21.2}% 241
\BOOKMARK [3][-]{subsubsection.7.21.2.7}{\376\377\000y\000y\000l\000e\000s\000s}{subsection.7.21.2}% 242
\BOOKMARK [2][-]{subsection.7.21.3}{\376\377\000F\000u\000n\000c\000t\000i\000o\000n\000\040\000D\000o\000c\000u\000m\000e\000n\000t\000a\000t\000i\000o\000n}{section.7.21}% 243
\BOOKMARK [3][-]{subsubsection.7.21.3.1}{\376\377\000D\000S\000M\000a\000t\000r\000i\000x\000F\000l\000e\000x\000\137\000f\000l\000u\000s\000h\000\137\000b\000u\000f\000f\000e\000r}{subsection.7.21.3}% 244
\BOOKMARK [3][-]{subsubsection.7.21.3.2}{\376\377\000D\000S\000M\000a\000t\000r\000i\000x\000F\000l\000e\000x\000\137\000s\000c\000a\000n\000\137\000b\000u\000f\000f\000e\000r}{subsection.7.21.3}% 245
\BOOKMARK [3][-]{subsubsection.7.21.3.3}{\376\377\000D\000S\000M\000a\000t\000r\000i\000x\000F\000l\000e\000x\000\137\000s\000c\000a\000n\000\137\000b\000y\000t\000e\000s}{subsection.7.21.3}% 246
\BOOKMARK [3][-]{subsubsection.7.21.3.4}{\376\377\000D\000S\000M\000a\000t\000r\000i\000x\000F\000l\000e\000x\000\137\000s\000c\000a\000n\000\137\000s\000t\000r\000i\000n\000g}{subsection.7.21.3}% 247
\BOOKMARK [3][-]{subsubsection.7.21.3.5}{\376\377\000D\000S\000M\000a\000t\000r\000i\000x\000F\000l\000e\000x\000g\000e\000t\000\137\000c\000o\000l\000u\000m\000n}{subsection.7.21.3}% 248
\BOOKMARK [3][-]{subsubsection.7.21.3.6}{\376\377\000D\000S\000M\000a\000t\000r\000i\000x\000F\000l\000e\000x\000g\000e\000t\000\137\000e\000x\000t\000r\000a}{subsection.7.21.3}% 249
\BOOKMARK [3][-]{subsubsection.7.21.3.7}{\376\377\000D\000S\000M\000a\000t\000r\000i\000x\000F\000l\000e\000x\000g\000e\000t\000\137\000i\000n}{subsection.7.21.3}% 250
\BOOKMARK [3][-]{subsubsection.7.21.3.8}{\376\377\000D\000S\000M\000a\000t\000r\000i\000x\000F\000l\000e\000x\000g\000e\000t\000\137\000l\000e\000n\000g}{subsection.7.21.3}% 251
\BOOKMARK [3][-]{subsubsection.7.21.3.9}{\376\377\000D\000S\000M\000a\000t\000r\000i\000x\000F\000l\000e\000x\000g\000e\000t\000\137\000l\000i\000n\000e\000n\000o}{subsection.7.21.3}% 252
\BOOKMARK [3][-]{subsubsection.7.21.3.10}{\376\377\000D\000S\000M\000a\000t\000r\000i\000x\000F\000l\000e\000x\000g\000e\000t\000\137\000o\000u\000t}{subsection.7.21.3}% 253
\BOOKMARK [3][-]{subsubsection.7.21.3.11}{\376\377\000D\000S\000M\000a\000t\000r\000i\000x\000F\000l\000e\000x\000g\000e\000t\000\137\000t\000e\000x\000t}{subsection.7.21.3}% 254
\BOOKMARK [3][-]{subsubsection.7.21.3.12}{\376\377\000D\000S\000M\000a\000t\000r\000i\000x\000F\000l\000e\000x\000p\000o\000p\000\137\000b\000u\000f\000f\000e\000r\000\137\000s\000t\000a\000t\000e}{subsection.7.21.3}% 255
\BOOKMARK [3][-]{subsubsection.7.21.3.13}{\376\377\000D\000S\000M\000a\000t\000r\000i\000x\000F\000l\000e\000x\000p\000u\000s\000h\000\137\000b\000u\000f\000f\000e\000r\000\137\000s\000t\000a\000t\000e}{subsection.7.21.3}% 256
\BOOKMARK [3][-]{subsubsection.7.21.3.14}{\376\377\000D\000S\000M\000a\000t\000r\000i\000x\000F\000l\000e\000x\000s\000e\000t\000\137\000c\000o\000l\000u\000m\000n}{subsection.7.21.3}% 257
\BOOKMARK [3][-]{subsubsection.7.21.3.15}{\376\377\000D\000S\000M\000a\000t\000r\000i\000x\000F\000l\000e\000x\000s\000e\000t\000\137\000e\000x\000t\000r\000a}{subsection.7.21.3}% 258
\BOOKMARK [3][-]{subsubsection.7.21.3.16}{\376\377\000D\000S\000M\000a\000t\000r\000i\000x\000F\000l\000e\000x\000s\000e\000t\000\137\000i\000n}{subsection.7.21.3}% 259
\BOOKMARK [3][-]{subsubsection.7.21.3.17}{\376\377\000D\000S\000M\000a\000t\000r\000i\000x\000F\000l\000e\000x\000s\000e\000t\000\137\000l\000i\000n\000e\000n\000o}{subsection.7.21.3}% 260
\BOOKMARK [1][-]{section.7.22}{\376\377\000D\000S\000M\000e\000m\000o\000r\000y\000M\000a\000n\000a\000g\000e\000r\000.\000c\000\040\000F\000i\000l\000e\000\040\000R\000e\000f\000e\000r\000e\000n\000c\000e}{chapter.7}% 261
\BOOKMARK [2][-]{subsection.7.22.1}{\376\377\000D\000e\000t\000a\000i\000l\000e\000d\000\040\000D\000e\000s\000c\000r\000i\000p\000t\000i\000o\000n}{section.7.22}% 262
\BOOKMARK [2][-]{subsection.7.22.2}{\376\377\000F\000u\000n\000c\000t\000i\000o\000n\000\040\000D\000o\000c\000u\000m\000e\000n\000t\000a\000t\000i\000o\000n}{section.7.22}% 263
\BOOKMARK [3][-]{subsubsection.7.22.2.1}{\376\377\000D\000S\000S\000e\000c\000u\000r\000e\000C\000a\000l\000l\000o\000c}{subsection.7.22.2}% 264
\BOOKMARK [3][-]{subsubsection.7.22.2.2}{\376\377\000D\000S\000S\000e\000c\000u\000r\000e\000F\000r\000e\000e}{subsection.7.22.2}% 265
\BOOKMARK [3][-]{subsubsection.7.22.2.3}{\376\377\000D\000S\000S\000e\000c\000u\000r\000e\000M\000a\000l\000l\000o\000c}{subsection.7.22.2}% 266
\BOOKMARK [3][-]{subsubsection.7.22.2.4}{\376\377\000D\000S\000S\000e\000c\000u\000r\000e\000R\000e\000a\000l\000l\000o\000c}{subsection.7.22.2}% 267
\BOOKMARK [1][-]{section.7.23}{\376\377\000D\000S\000M\000e\000m\000o\000r\000y\000M\000a\000n\000a\000g\000e\000r\000.\000h\000\040\000F\000i\000l\000e\000\040\000R\000e\000f\000e\000r\000e\000n\000c\000e}{chapter.7}% 268
\BOOKMARK [2][-]{subsection.7.23.1}{\376\377\000D\000e\000t\000a\000i\000l\000e\000d\000\040\000D\000e\000s\000c\000r\000i\000p\000t\000i\000o\000n}{section.7.23}% 269
\BOOKMARK [2][-]{subsection.7.23.2}{\376\377\000F\000u\000n\000c\000t\000i\000o\000n\000\040\000D\000o\000c\000u\000m\000e\000n\000t\000a\000t\000i\000o\000n}{section.7.23}% 270
\BOOKMARK [3][-]{subsubsection.7.23.2.1}{\376\377\000D\000S\000S\000e\000c\000u\000r\000e\000C\000a\000l\000l\000o\000c}{subsection.7.23.2}% 271
\BOOKMARK [3][-]{subsubsection.7.23.2.2}{\376\377\000D\000S\000S\000e\000c\000u\000r\000e\000F\000r\000e\000e}{subsection.7.23.2}% 272
\BOOKMARK [3][-]{subsubsection.7.23.2.3}{\376\377\000D\000S\000S\000e\000c\000u\000r\000e\000M\000a\000l\000l\000o\000c}{subsection.7.23.2}% 273
\BOOKMARK [3][-]{subsubsection.7.23.2.4}{\376\377\000D\000S\000S\000e\000c\000u\000r\000e\000R\000e\000a\000l\000l\000o\000c}{subsection.7.23.2}% 274
\BOOKMARK [1][-]{section.7.24}{\376\377\000D\000S\000S\000S\000y\000s\000t\000e\000m\000.\000h\000\040\000F\000i\000l\000e\000\040\000R\000e\000f\000e\000r\000e\000n\000c\000e}{chapter.7}% 275
\BOOKMARK [2][-]{subsection.7.24.1}{\376\377\000D\000e\000t\000a\000i\000l\000e\000d\000\040\000D\000e\000s\000c\000r\000i\000p\000t\000i\000o\000n}{section.7.24}% 276
\BOOKMARK [1][-]{section.7.25}{\376\377\000D\000S\000S\000t\000d\000.\000h\000\040\000F\000i\000l\000e\000\040\000R\000e\000f\000e\000r\000e\000n\000c\000e}{chapter.7}% 277
\BOOKMARK [2][-]{subsection.7.25.1}{\376\377\000D\000e\000t\000a\000i\000l\000e\000d\000\040\000D\000e\000s\000c\000r\000i\000p\000t\000i\000o\000n}{section.7.25}% 278
\BOOKMARK [1][-]{section.7.26}{\376\377\000D\000S\000S\000y\000m\000b\000o\000l\000i\000c\000M\000a\000t\000r\000i\000x\000.\000h\000\040\000F\000i\000l\000e\000\040\000R\000e\000f\000e\000r\000e\000n\000c\000e}{chapter.7}% 279
\BOOKMARK [2][-]{subsection.7.26.1}{\376\377\000D\000e\000t\000a\000i\000l\000e\000d\000\040\000D\000e\000s\000c\000r\000i\000p\000t\000i\000o\000n}{section.7.26}% 280
\BOOKMARK [1][-]{section.7.27}{\376\377\000D\000S\000T\000y\000p\000e\000s\000.\000h\000\040\000F\000i\000l\000e\000\040\000R\000e\000f\000e\000r\000e\000n\000c\000e}{chapter.7}% 281
\BOOKMARK [2][-]{subsection.7.27.1}{\376\377\000D\000e\000t\000a\000i\000l\000e\000d\000\040\000D\000e\000s\000c\000r\000i\000p\000t\000i\000o\000n}{section.7.27}% 282
\BOOKMARK [2][-]{subsection.7.27.2}{\376\377\000T\000y\000p\000e\000d\000e\000f\000\040\000D\000o\000c\000u\000m\000e\000n\000t\000a\000t\000i\000o\000n}{section.7.27}% 283
\BOOKMARK [3][-]{subsubsection.7.27.2.1}{\376\377\000D\000S\000C\000o\000m\000p\000l\000e\000x\000M\000a\000t\000r\000i\000x}{subsection.7.27.2}% 284
\BOOKMARK [3][-]{subsubsection.7.27.2.2}{\376\377\000D\000S\000E\000x\000p\000r\000e\000s\000s\000i\000o\000n}{subsection.7.27.2}% 285
\BOOKMARK [2][-]{subsection.7.27.3}{\376\377\000E\000n\000u\000m\000e\000r\000a\000t\000i\000o\000n\000\040\000T\000y\000p\000e\000\040\000D\000o\000c\000u\000m\000e\000n\000t\000a\000t\000i\000o\000n}{section.7.27}% 286
\BOOKMARK [3][-]{subsubsection.7.27.3.1}{\376\377\000D\000S\000V\000a\000r\000i\000a\000b\000l\000e\000P\000o\000o\000l\000L\000o\000c\000k}{subsection.7.27.3}% 287
\BOOKMARK [1][-]{section.7.28}{\376\377\000D\000S\000V\000a\000r\000i\000a\000b\000l\000e\000.\000c\000\040\000F\000i\000l\000e\000\040\000R\000e\000f\000e\000r\000e\000n\000c\000e}{chapter.7}% 288
\BOOKMARK [2][-]{subsection.7.28.1}{\376\377\000D\000e\000t\000a\000i\000l\000e\000d\000\040\000D\000e\000s\000c\000r\000i\000p\000t\000i\000o\000n}{section.7.28}% 289
\BOOKMARK [2][-]{subsection.7.28.2}{\376\377\000F\000u\000n\000c\000t\000i\000o\000n\000\040\000D\000o\000c\000u\000m\000e\000n\000t\000a\000t\000i\000o\000n}{section.7.28}% 290
\BOOKMARK [3][-]{subsubsection.7.28.2.1}{\376\377\000D\000S\000V\000a\000r\000i\000a\000b\000l\000e\000A\000l\000l\000o\000c}{subsection.7.28.2}% 291
\BOOKMARK [3][-]{subsubsection.7.28.2.2}{\376\377\000D\000S\000V\000a\000r\000i\000a\000b\000l\000e\000F\000r\000e\000e}{subsection.7.28.2}% 292
\BOOKMARK [3][-]{subsubsection.7.28.2.3}{\376\377\000D\000S\000V\000a\000r\000i\000a\000b\000l\000e\000P\000o\000o\000l\000A\000d\000d\000V\000a\000r\000i\000a\000b\000l\000e}{subsection.7.28.2}% 293
\BOOKMARK [3][-]{subsubsection.7.28.2.4}{\376\377\000D\000S\000V\000a\000r\000i\000a\000b\000l\000e\000P\000o\000o\000l\000A\000d\000d\000V\000a\000r\000i\000a\000b\000l\000e\000W\000i\000t\000h\000N\000a\000m\000e}{subsection.7.28.2}% 294
\BOOKMARK [3][-]{subsubsection.7.28.2.5}{\376\377\000D\000S\000V\000a\000r\000i\000a\000b\000l\000e\000P\000o\000o\000l\000A\000l\000l\000o\000c}{subsection.7.28.2}% 295
\BOOKMARK [3][-]{subsubsection.7.28.2.6}{\376\377\000D\000S\000V\000a\000r\000i\000a\000b\000l\000e\000P\000o\000o\000l\000C\000o\000p\000y}{subsection.7.28.2}% 296
\BOOKMARK [3][-]{subsubsection.7.28.2.7}{\376\377\000D\000S\000V\000a\000r\000i\000a\000b\000l\000e\000P\000o\000o\000l\000F\000r\000e\000e}{subsection.7.28.2}% 297
\BOOKMARK [3][-]{subsubsection.7.28.2.8}{\376\377\000D\000S\000V\000a\000r\000i\000a\000b\000l\000e\000P\000o\000o\000l\000I\000s\000R\000e\000a\000d\000O\000n\000l\000y}{subsection.7.28.2}% 298
\BOOKMARK [3][-]{subsubsection.7.28.2.9}{\376\377\000D\000S\000V\000a\000r\000i\000a\000b\000l\000e\000P\000o\000o\000l\000I\000s\000R\000e\000a\000d\000W\000r\000i\000t\000e}{subsection.7.28.2}% 299
\BOOKMARK [3][-]{subsubsection.7.28.2.10}{\376\377\000D\000S\000V\000a\000r\000i\000a\000b\000l\000e\000P\000o\000o\000l\000I\000s\000R\000e\000a\000d\000W\000r\000i\000t\000e\000A\000d\000d}{subsection.7.28.2}% 300
\BOOKMARK [3][-]{subsubsection.7.28.2.11}{\376\377\000D\000S\000V\000a\000r\000i\000a\000b\000l\000e\000P\000o\000o\000l\000N\000u\000m\000b\000e\000r\000O\000f\000V\000a\000r\000i\000a\000b\000l\000e\000s}{subsection.7.28.2}% 301
\BOOKMARK [3][-]{subsubsection.7.28.2.12}{\376\377\000D\000S\000V\000a\000r\000i\000a\000b\000l\000e\000P\000o\000o\000l\000S\000e\000t\000R\000e\000a\000d\000O\000n\000l\000y}{subsection.7.28.2}% 302
\BOOKMARK [3][-]{subsubsection.7.28.2.13}{\376\377\000D\000S\000V\000a\000r\000i\000a\000b\000l\000e\000P\000o\000o\000l\000S\000e\000t\000R\000e\000a\000d\000W\000r\000i\000t\000e}{subsection.7.28.2}% 303
\BOOKMARK [3][-]{subsubsection.7.28.2.14}{\376\377\000D\000S\000V\000a\000r\000i\000a\000b\000l\000e\000P\000o\000o\000l\000S\000e\000t\000R\000e\000a\000d\000W\000r\000i\000t\000e\000A\000d\000d}{subsection.7.28.2}% 304
\BOOKMARK [3][-]{subsubsection.7.28.2.15}{\376\377\000D\000S\000V\000a\000r\000i\000a\000b\000l\000e\000R\000e\000l\000e\000a\000s\000e}{subsection.7.28.2}% 305
\BOOKMARK [3][-]{subsubsection.7.28.2.16}{\376\377\000D\000S\000V\000a\000r\000i\000a\000b\000l\000e\000R\000e\000t\000a\000i\000n}{subsection.7.28.2}% 306
\BOOKMARK [1][-]{section.7.29}{\376\377\000D\000S\000V\000a\000r\000i\000a\000b\000l\000e\000.\000h\000\040\000F\000i\000l\000e\000\040\000R\000e\000f\000e\000r\000e\000n\000c\000e}{chapter.7}% 307
\BOOKMARK [2][-]{subsection.7.29.1}{\376\377\000D\000e\000t\000a\000i\000l\000e\000d\000\040\000D\000e\000s\000c\000r\000i\000p\000t\000i\000o\000n}{section.7.29}% 308
\BOOKMARK [2][-]{subsection.7.29.2}{\376\377\000F\000u\000n\000c\000t\000i\000o\000n\000\040\000D\000o\000c\000u\000m\000e\000n\000t\000a\000t\000i\000o\000n}{section.7.29}% 309
\BOOKMARK [3][-]{subsubsection.7.29.2.1}{\376\377\000D\000S\000V\000a\000r\000i\000a\000b\000l\000e\000A\000l\000l\000o\000c}{subsection.7.29.2}% 310
\BOOKMARK [3][-]{subsubsection.7.29.2.2}{\376\377\000D\000S\000V\000a\000r\000i\000a\000b\000l\000e\000F\000r\000e\000e}{subsection.7.29.2}% 311
\BOOKMARK [3][-]{subsubsection.7.29.2.3}{\376\377\000D\000S\000V\000a\000r\000i\000a\000b\000l\000e\000P\000o\000o\000l\000A\000d\000d\000V\000a\000r\000i\000a\000b\000l\000e}{subsection.7.29.2}% 312
\BOOKMARK [3][-]{subsubsection.7.29.2.4}{\376\377\000D\000S\000V\000a\000r\000i\000a\000b\000l\000e\000P\000o\000o\000l\000A\000d\000d\000V\000a\000r\000i\000a\000b\000l\000e\000W\000i\000t\000h\000N\000a\000m\000e}{subsection.7.29.2}% 313
\BOOKMARK [3][-]{subsubsection.7.29.2.5}{\376\377\000D\000S\000V\000a\000r\000i\000a\000b\000l\000e\000P\000o\000o\000l\000A\000l\000l\000o\000c}{subsection.7.29.2}% 314
\BOOKMARK [3][-]{subsubsection.7.29.2.6}{\376\377\000D\000S\000V\000a\000r\000i\000a\000b\000l\000e\000P\000o\000o\000l\000C\000o\000p\000y}{subsection.7.29.2}% 315
\BOOKMARK [3][-]{subsubsection.7.29.2.7}{\376\377\000D\000S\000V\000a\000r\000i\000a\000b\000l\000e\000P\000o\000o\000l\000F\000r\000e\000e}{subsection.7.29.2}% 316
\BOOKMARK [3][-]{subsubsection.7.29.2.8}{\376\377\000D\000S\000V\000a\000r\000i\000a\000b\000l\000e\000P\000o\000o\000l\000I\000s\000R\000e\000a\000d\000O\000n\000l\000y}{subsection.7.29.2}% 317
\BOOKMARK [3][-]{subsubsection.7.29.2.9}{\376\377\000D\000S\000V\000a\000r\000i\000a\000b\000l\000e\000P\000o\000o\000l\000I\000s\000R\000e\000a\000d\000W\000r\000i\000t\000e}{subsection.7.29.2}% 318
\BOOKMARK [3][-]{subsubsection.7.29.2.10}{\376\377\000D\000S\000V\000a\000r\000i\000a\000b\000l\000e\000P\000o\000o\000l\000I\000s\000R\000e\000a\000d\000W\000r\000i\000t\000e\000A\000d\000d}{subsection.7.29.2}% 319
\BOOKMARK [3][-]{subsubsection.7.29.2.11}{\376\377\000D\000S\000V\000a\000r\000i\000a\000b\000l\000e\000P\000o\000o\000l\000N\000u\000m\000b\000e\000r\000O\000f\000V\000a\000r\000i\000a\000b\000l\000e\000s}{subsection.7.29.2}% 320
\BOOKMARK [3][-]{subsubsection.7.29.2.12}{\376\377\000D\000S\000V\000a\000r\000i\000a\000b\000l\000e\000P\000o\000o\000l\000S\000e\000t\000R\000e\000a\000d\000O\000n\000l\000y}{subsection.7.29.2}% 321
\BOOKMARK [3][-]{subsubsection.7.29.2.13}{\376\377\000D\000S\000V\000a\000r\000i\000a\000b\000l\000e\000P\000o\000o\000l\000S\000e\000t\000R\000e\000a\000d\000W\000r\000i\000t\000e}{subsection.7.29.2}% 322
\BOOKMARK [3][-]{subsubsection.7.29.2.14}{\376\377\000D\000S\000V\000a\000r\000i\000a\000b\000l\000e\000P\000o\000o\000l\000S\000e\000t\000R\000e\000a\000d\000W\000r\000i\000t\000e\000A\000d\000d}{subsection.7.29.2}% 323
\BOOKMARK [3][-]{subsubsection.7.29.2.15}{\376\377\000D\000S\000V\000a\000r\000i\000a\000b\000l\000e\000R\000e\000l\000e\000a\000s\000e}{subsection.7.29.2}% 324
\BOOKMARK [3][-]{subsubsection.7.29.2.16}{\376\377\000D\000S\000V\000a\000r\000i\000a\000b\000l\000e\000R\000e\000t\000a\000i\000n}{subsection.7.29.2}% 325
\BOOKMARK [1][-]{section.7.30}{\376\377\000D\000S\000V\000a\000r\000i\000a\000b\000l\000e\000T\000o\000k\000e\000n\000i\000z\000e\000r\000.\000c\000\040\000F\000i\000l\000e\000\040\000R\000e\000f\000e\000r\000e\000n\000c\000e}{chapter.7}% 326
\BOOKMARK [2][-]{subsection.7.30.1}{\376\377\000D\000e\000t\000a\000i\000l\000e\000d\000\040\000D\000e\000s\000c\000r\000i\000p\000t\000i\000o\000n}{section.7.30}% 327
\BOOKMARK [1][-]{section.7.31}{\376\377\000D\000S\000V\000a\000r\000i\000a\000b\000l\000e\000T\000o\000k\000e\000n\000i\000z\000e\000r\000L\000e\000x\000.\000c\000\040\000F\000i\000l\000e\000\040\000R\000e\000f\000e\000r\000e\000n\000c\000e}{chapter.7}% 328
\BOOKMARK [2][-]{subsection.7.31.1}{\376\377\000D\000e\000t\000a\000i\000l\000e\000d\000\040\000D\000e\000s\000c\000r\000i\000p\000t\000i\000o\000n}{section.7.31}% 329
\BOOKMARK [2][-]{subsection.7.31.2}{\376\377\000D\000e\000f\000i\000n\000e\000\040\000D\000o\000c\000u\000m\000e\000n\000t\000a\000t\000i\000o\000n}{section.7.31}% 330
\BOOKMARK [3][-]{subsubsection.7.31.2.1}{\376\377\000Y\000Y\000\137\000C\000U\000R\000R\000E\000N\000T\000\137\000B\000U\000F\000F\000E\000R}{subsection.7.31.2}% 331
\BOOKMARK [3][-]{subsubsection.7.31.2.2}{\376\377\000Y\000Y\000\137\000D\000O\000\137\000B\000E\000F\000O\000R\000E\000\137\000A\000C\000T\000I\000O\000N}{subsection.7.31.2}% 332
\BOOKMARK [3][-]{subsubsection.7.31.2.3}{\376\377\000Y\000Y\000\137\000I\000N\000P\000U\000T}{subsection.7.31.2}% 333
\BOOKMARK [3][-]{subsubsection.7.31.2.4}{\376\377\000y\000y\000\137\000s\000e\000t\000\137\000b\000o\000l}{subsection.7.31.2}% 334
\BOOKMARK [3][-]{subsubsection.7.31.2.5}{\376\377\000y\000y\000\137\000s\000e\000t\000\137\000i\000n\000t\000e\000r\000a\000c\000t\000i\000v\000e}{subsection.7.31.2}% 335
\BOOKMARK [3][-]{subsubsection.7.31.2.6}{\376\377\000y\000y\000l\000e\000s\000s}{subsection.7.31.2}% 336
\BOOKMARK [3][-]{subsubsection.7.31.2.7}{\376\377\000y\000y\000l\000e\000s\000s}{subsection.7.31.2}% 337
\BOOKMARK [2][-]{subsection.7.31.3}{\376\377\000F\000u\000n\000c\000t\000i\000o\000n\000\040\000D\000o\000c\000u\000m\000e\000n\000t\000a\000t\000i\000o\000n}{section.7.31}% 338
\BOOKMARK [3][-]{subsubsection.7.31.3.1}{\376\377\000D\000S\000V\000a\000r\000i\000a\000b\000l\000e\000F\000l\000e\000x\000\137\000c\000r\000e\000a\000t\000e\000\137\000b\000u\000f\000f\000e\000r}{subsection.7.31.3}% 339
\BOOKMARK [3][-]{subsubsection.7.31.3.2}{\376\377\000D\000S\000V\000a\000r\000i\000a\000b\000l\000e\000F\000l\000e\000x\000\137\000d\000e\000l\000e\000t\000e\000\137\000b\000u\000f\000f\000e\000r}{subsection.7.31.3}% 340
\BOOKMARK [3][-]{subsubsection.7.31.3.3}{\376\377\000D\000S\000V\000a\000r\000i\000a\000b\000l\000e\000F\000l\000e\000x\000\137\000f\000l\000u\000s\000h\000\137\000b\000u\000f\000f\000e\000r}{subsection.7.31.3}% 341
\BOOKMARK [3][-]{subsubsection.7.31.3.4}{\376\377\000D\000S\000V\000a\000r\000i\000a\000b\000l\000e\000F\000l\000e\000x\000\137\000s\000c\000a\000n\000\137\000b\000u\000f\000f\000e\000r}{subsection.7.31.3}% 342
\BOOKMARK [3][-]{subsubsection.7.31.3.5}{\376\377\000D\000S\000V\000a\000r\000i\000a\000b\000l\000e\000F\000l\000e\000x\000\137\000s\000c\000a\000n\000\137\000b\000y\000t\000e\000s}{subsection.7.31.3}% 343
\BOOKMARK [3][-]{subsubsection.7.31.3.6}{\376\377\000D\000S\000V\000a\000r\000i\000a\000b\000l\000e\000F\000l\000e\000x\000\137\000s\000c\000a\000n\000\137\000s\000t\000r\000i\000n\000g}{subsection.7.31.3}% 344
\BOOKMARK [3][-]{subsubsection.7.31.3.7}{\376\377\000D\000S\000V\000a\000r\000i\000a\000b\000l\000e\000F\000l\000e\000x\000\137\000s\000w\000i\000t\000c\000h\000\137\000t\000o\000\137\000b\000u\000f\000f\000e\000r}{subsection.7.31.3}% 345
\BOOKMARK [3][-]{subsubsection.7.31.3.8}{\376\377\000D\000S\000V\000a\000r\000i\000a\000b\000l\000e\000F\000l\000e\000x\000g\000e\000t\000\137\000c\000o\000l\000u\000m\000n}{subsection.7.31.3}% 346
\BOOKMARK [3][-]{subsubsection.7.31.3.9}{\376\377\000D\000S\000V\000a\000r\000i\000a\000b\000l\000e\000F\000l\000e\000x\000g\000e\000t\000\137\000e\000x\000t\000r\000a}{subsection.7.31.3}% 347
\BOOKMARK [3][-]{subsubsection.7.31.3.10}{\376\377\000D\000S\000V\000a\000r\000i\000a\000b\000l\000e\000F\000l\000e\000x\000g\000e\000t\000\137\000i\000n}{subsection.7.31.3}% 348
\BOOKMARK [3][-]{subsubsection.7.31.3.11}{\376\377\000D\000S\000V\000a\000r\000i\000a\000b\000l\000e\000F\000l\000e\000x\000g\000e\000t\000\137\000l\000e\000n\000g}{subsection.7.31.3}% 349
\BOOKMARK [3][-]{subsubsection.7.31.3.12}{\376\377\000D\000S\000V\000a\000r\000i\000a\000b\000l\000e\000F\000l\000e\000x\000g\000e\000t\000\137\000l\000i\000n\000e\000n\000o}{subsection.7.31.3}% 350
\BOOKMARK [3][-]{subsubsection.7.31.3.13}{\376\377\000D\000S\000V\000a\000r\000i\000a\000b\000l\000e\000F\000l\000e\000x\000g\000e\000t\000\137\000o\000u\000t}{subsection.7.31.3}% 351
\BOOKMARK [3][-]{subsubsection.7.31.3.14}{\376\377\000D\000S\000V\000a\000r\000i\000a\000b\000l\000e\000F\000l\000e\000x\000g\000e\000t\000\137\000t\000e\000x\000t}{subsection.7.31.3}% 352
\BOOKMARK [3][-]{subsubsection.7.31.3.15}{\376\377\000D\000S\000V\000a\000r\000i\000a\000b\000l\000e\000F\000l\000e\000x\000p\000o\000p\000\137\000b\000u\000f\000f\000e\000r\000\137\000s\000t\000a\000t\000e}{subsection.7.31.3}% 353
\BOOKMARK [3][-]{subsubsection.7.31.3.16}{\376\377\000D\000S\000V\000a\000r\000i\000a\000b\000l\000e\000F\000l\000e\000x\000p\000u\000s\000h\000\137\000b\000u\000f\000f\000e\000r\000\137\000s\000t\000a\000t\000e}{subsection.7.31.3}% 354
\BOOKMARK [3][-]{subsubsection.7.31.3.17}{\376\377\000D\000S\000V\000a\000r\000i\000a\000b\000l\000e\000F\000l\000e\000x\000r\000e\000s\000t\000a\000r\000t}{subsection.7.31.3}% 355
\BOOKMARK [3][-]{subsubsection.7.31.3.18}{\376\377\000D\000S\000V\000a\000r\000i\000a\000b\000l\000e\000F\000l\000e\000x\000s\000e\000t\000\137\000c\000o\000l\000u\000m\000n}{subsection.7.31.3}% 356
\BOOKMARK [3][-]{subsubsection.7.31.3.19}{\376\377\000D\000S\000V\000a\000r\000i\000a\000b\000l\000e\000F\000l\000e\000x\000s\000e\000t\000\137\000e\000x\000t\000r\000a}{subsection.7.31.3}% 357
\BOOKMARK [3][-]{subsubsection.7.31.3.20}{\376\377\000D\000S\000V\000a\000r\000i\000a\000b\000l\000e\000F\000l\000e\000x\000s\000e\000t\000\137\000i\000n}{subsection.7.31.3}% 358
\BOOKMARK [3][-]{subsubsection.7.31.3.21}{\376\377\000D\000S\000V\000a\000r\000i\000a\000b\000l\000e\000F\000l\000e\000x\000s\000e\000t\000\137\000l\000i\000n\000e\000n\000o}{subsection.7.31.3}% 359
\BOOKMARK [2][-]{subsection.7.31.4}{\376\377\000V\000a\000r\000i\000a\000b\000l\000e\000\040\000D\000o\000c\000u\000m\000e\000n\000t\000a\000t\000i\000o\000n}{section.7.31}% 360
\BOOKMARK [3][-]{subsubsection.7.31.4.1}{\376\377\000y\000y\000\137\000c\000u\000r\000r\000e\000n\000t\000\137\000s\000t\000a\000t\000e}{subsection.7.31.4}% 361
